Initial Win CP for (console input, console output, system): (CP932, CP932, CP932)
I changed them all to CP932
Rc files read:
  C:/Users/kaito/.latexmkrc
Latexmk: This is Latexmk, John Collins, 15 June 2025. Version 4.87.
Latexmk: Doing full clean up for 'c:/Users/kaito/TeX-Folder/control engineering/work12/answer2.tex'
No existing .aux file, so I'll make a simple one, and require run of *latex.
Force everything to be remade.
Latexmk: applying rule 'lualatex'...
Rule 'lualatex':  Reasons for rerun
Category 'other':
  Rerun of 'lualatex' forced or previously required:
    Reason or flag: 'go_mode'

------------
Run number 1 of rule 'lualatex'
------------
------------
Running 'lualatex  -synctex=1 -interaction=nonstopmode -file-line-error -recorder -output-directory="out"  -synctex=1 -interaction=nonstopmode "c:/Users/kaito/TeX-Folder/control engineering/work12/answer2.tex"'
------------
This is LuaHBTeX, Version 1.22.0 (TeX Live 2025) 
 restricted system commands enabled.
("c:/Users/kaito/TeX-Folder/control engineering/work12/answer2.tex"
LaTeX2e <2025-06-01> patch level 1
L3 programming layer <2025-05-26>
 (c:/texlive/2025/texmf-dist/tex/luatex/luatexja/ltjsarticle.cls
Document Class: ltjsarticle 2025-05-26 ltjsclasses 
(c:/texlive/2025/texmf-dist/tex/luatex/luatexja/luatexja.sty (c:/texlive/2025/texmf-dist/tex/luatex/luatexja/luatexja-core.sty (c:/texlive/2025/texmf-dist/tex/generic/infwarerr/infwarerr.sty) (c:/texlive/2025/texmf-dist/tex/luatex/luatexbase/luatexbase.sty (c:/texlive/2025/texmf-dist/tex/luatex/ctablestack/ctablestack.sty)) (c:/texlive/2025/texmf-dist/tex/generic/ltxcmds/ltxcmds.sty) (c:/texlive/2025/texmf-dist/tex/generic/pdftexcmds/pdftexcmds.sty (c:/texlive/2025/texmf-dist/tex/generic/iftex/iftex.sty)) (c:/texlive/2025/texmf-dist/tex/latex/xkeyval/xkeyval.sty (c:/texlive/2025/texmf-dist/tex/generic/xkeyval/xkeyval.tex (c:/texlive/2025/texmf-dist/tex/generic/xkeyval/xkvutils.tex (c:/texlive/2025/texmf-dist/tex/generic/xkeyval/keyval.tex)))) (c:/texlive/2025/texmf-dist/tex/latex/etoolbox/etoolbox.sty) (c:/texlive/2025/texmf-dist/tex/latex/everyhook/everyhook.sty (c:/texlive/2025/texmf-dist/tex/latex/svn-prov/svn-prov.sty)) (c:/texlive/2025/texmf-dist/tex/luatex/luatexja/ltj-base.sty) (c:/texlive/2025/texmf-dist/tex/luatex/luatexja/ltj-latex.sty (c:/texlive/2025/texmf-dist/tex/luatex/luatexja/patches/lltjfont.sty (c:/texlive/2025/texmf-dist/tex/latex/base/tuenc.def)) (c:/texlive/2025/texmf-dist/tex/luatex/luatexja/patches/lltjdefs.sty
(c:/texlive/2025/texmf-dist/tex/luatex/luatexja/jfm-ujisv.lua)
(c:/texlive/2025/texmf-dist/tex/luatex/luatexja/jfm-ujis.lua)) (c:/texlive/2025/texmf-dist/tex/luatex/luatexja/patches/lltjcore.sty (c:/texlive/2025/texmf-dist/tex/latex/l3kernel/expl3.sty (c:/texlive/2025/texmf-dist/tex/latex/l3backend/l3backend-luatex.def))) (c:/texlive/2025/texmf-dist/tex/luatex/luatexja/patches/lltjp-atbegshi.sty) (c:/texlive/2025/texmf-dist/tex/luatex/luatexja/patches/lltjp-geometry.sty (c:/texlive/2025/texmf-dist/tex/generic/iftex/ifluatex.sty)))) (c:/texlive/2025/texmf-dist/tex/luatex/luatexja/luatexja-compat.sty)) (c:/texlive/2025/texmf-dist/tex/platex/jsclasses/jslogo.sty)) (c:/texlive/2025/texmf-dist/tex/luatex/luatexja/addons/luatexja-fontspec.sty (c:/texlive/2025/texmf-dist/tex/latex/l3packages/l3keys2e/l3keys2e.sty) (c:/texlive/2025/texmf-dist/tex/latex/fontspec/fontspec.sty (c:/texlive/2025/texmf-dist/tex/latex/l3packages/xparse/xparse.sty) (c:/texlive/2025/texmf-dist/tex/latex/fontspec/fontspec-luatex.sty (c:/texlive/2025/texmf-dist/tex/latex/base/fontenc.sty) (c:/texlive/2025/texmf-dist/tex/latex/fontspec/fontspec.cfg))) (c:/texlive/2025/texmf-dist/tex/luatex/luatexja/patches/lltjp-fontspec.sty) (c:/texlive/2025/texmf-dist/tex/luatex/luatexja/addons/luatexja-fontspec-29e.sty)) (c:/texlive/2025/texmf-dist/tex/latex/amsmath/amsmath.sty
For additional information on amsmath, use the `?' option.
(c:/texlive/2025/texmf-dist/tex/latex/amsmath/amstext.sty (c:/texlive/2025/texmf-dist/tex/latex/amsmath/amsgen.sty)) (c:/texlive/2025/texmf-dist/tex/latex/amsmath/amsbsy.sty) (c:/texlive/2025/texmf-dist/tex/latex/amsmath/amsopn.sty)) (c:/texlive/2025/texmf-dist/tex/latex/amsfonts/amssymb.sty (c:/texlive/2025/texmf-dist/tex/latex/amsfonts/amsfonts.sty)) (c:/texlive/2025/texmf-dist/tex/latex/geometry/geometry.sty (c:/texlive/2025/texmf-dist/tex/generic/iftex/ifvtex.sty)) (c:/texlive/2025/texmf-dist/tex/latex/graphics/graphicx.sty (c:/texlive/2025/texmf-dist/tex/latex/graphics/graphics.sty (c:/texlive/2025/texmf-dist/tex/latex/graphics/trig.sty) (c:/texlive/2025/texmf-dist/tex/latex/graphics-cfg/graphics.cfg) (c:/texlive/2025/texmf-dist/tex/latex/graphics-def/luatex.def))) (c:/texlive/2025/texmf-dist/tex/latex/booktabs/booktabs.sty) (c:/texlive/2025/texmf-dist/tex/latex/siunitx/siunitx.sty (c:/texlive/2025/texmf-dist/tex/latex/translations/translations.sty) (c:/texlive/2025/texmf-dist/tex/latex/tools/array.sty)) (c:/texlive/2025/texmf-dist/tex/luatex/luatexja/patches/lltjp-siunitx.sty) (c:/texlive/2025/texmf-dist/tex/latex/hyperref/hyperref.sty (c:/texlive/2025/texmf-dist/tex/latex/kvsetkeys/kvsetkeys.sty) (c:/texlive/2025/texmf-dist/tex/generic/kvdefinekeys/kvdefinekeys.sty) (c:/texlive/2025/texmf-dist/tex/generic/pdfescape/pdfescape.sty) (c:/texlive/2025/texmf-dist/tex/latex/hycolor/hycolor.sty) (c:/texlive/2025/texmf-dist/tex/latex/hyperref/nameref.sty (c:/texlive/2025/texmf-dist/tex/latex/refcount/refcount.sty) (c:/texlive/2025/texmf-dist/tex/generic/gettitlestring/gettitlestring.sty (c:/texlive/2025/texmf-dist/tex/latex/kvoptions/kvoptions.sty))) (c:/texlive/2025/texmf-dist/tex/generic/stringenc/stringenc.sty) (c:/texlive/2025/texmf-dist/tex/latex/hyperref/pd1enc.def) (c:/texlive/2025/texmf-dist/tex/generic/intcalc/intcalc.sty) (c:/texlive/2025/texmf-dist/tex/latex/hyperref/puenc.def) (c:/texlive/2025/texmf-dist/tex/latex/url/url.sty) (c:/texlive/2025/texmf-dist/tex/generic/bitset/bitset.sty (c:/texlive/2025/texmf-dist/tex/generic/bigintcalc/bigintcalc.sty))) (c:/texlive/2025/texmf-dist/tex/latex/hyperref/hluatex.def (c:/texlive/2025/texmf-dist/tex/latex/rerunfilecheck/rerunfilecheck.sty (c:/texlive/2025/texmf-dist/tex/generic/uniquecounter/uniquecounter.sty))) (c:/texlive/2025/texmf-dist/tex/latex/fancyhdr/fancyhdr.sty) (c:/texlive/2025/texmf-dist/tex/latex/unicode-math/unicode-math.sty (c:/texlive/2025/texmf-dist/tex/latex/unicode-math/unicode-math-luatex.sty (c:/texlive/2025/texmf-dist/tex/latex/base/fix-cm.sty (c:/texlive/2025/texmf-dist/tex/latex/base/ts1enc.def)) (c:/texlive/2025/texmf-dist/tex/lualatex/lualatex-math/lualatex-math.sty) (c:/texlive/2025/texmf-dist/tex/latex/unicode-math/unicode-math-table.tex))) (c:/texlive/2025/texmf-dist/tex/luatex/luatexja/patches/lltjp-unicode-math.sty) (c:/texlive/2025/texmf-dist/tex/latex/pgfplots/pgfplots.sty (c:/texlive/2025/texmf-dist/tex/generic/pgfplots/pgfplots.revision.tex) (c:/texlive/2025/texmf-dist/tex/latex/pgf/frontendlayer/tikz.sty (c:/texlive/2025/texmf-dist/tex/latex/pgf/basiclayer/pgf.sty (c:/texlive/2025/texmf-dist/tex/latex/pgf/utilities/pgfrcs.sty (c:/texlive/2025/texmf-dist/tex/generic/pgf/utilities/pgfutil-common.tex) (c:/texlive/2025/texmf-dist/tex/generic/pgf/utilities/pgfutil-latex.def) (c:/texlive/2025/texmf-dist/tex/generic/pgf/utilities/pgfrcs.code.tex (c:/texlive/2025/texmf-dist/tex/generic/pgf/pgf.revision.tex))) (c:/texlive/2025/texmf-dist/tex/latex/pgf/basiclayer/pgfcore.sty (c:/texlive/2025/texmf-dist/tex/latex/pgf/systemlayer/pgfsys.sty (c:/texlive/2025/texmf-dist/tex/generic/pgf/systemlayer/pgfsys.code.tex (c:/texlive/2025/texmf-dist/tex/generic/pgf/utilities/pgfkeys.code.tex (c:/texlive/2025/texmf-dist/tex/generic/pgf/utilities/pgfkeyslibraryfiltered.code.tex)) (c:/texlive/2025/texmf-dist/tex/generic/pgf/systemlayer/pgf.cfg) (c:/texlive/2025/texmf-dist/tex/generic/pgf/systemlayer/pgfsys-luatex.def (c:/texlive/2025/texmf-dist/tex/generic/pgf/systemlayer/pgfsys-common-pdf.def))) (c:/texlive/2025/texmf-dist/tex/generic/pgf/systemlayer/pgfsyssoftpath.code.tex) (c:/texlive/2025/texmf-dist/tex/generic/pgf/systemlayer/pgfsysprotocol.code.tex)) (c:/texlive/2025/texmf-dist/tex/latex/xcolor/xcolor.sty (c:/texlive/2025/texmf-dist/tex/latex/graphics-cfg/color.cfg) (c:/texlive/2025/texmf-dist/tex/latex/graphics/mathcolor.ltx)) (c:/texlive/2025/texmf-dist/tex/generic/pgf/basiclayer/pgfcore.code.tex (c:/texlive/2025/texmf-dist/tex/generic/pgf/math/pgfmath.code.tex (c:/texlive/2025/texmf-dist/tex/generic/pgf/math/pgfmathutil.code.tex) (c:/texlive/2025/texmf-dist/tex/generic/pgf/math/pgfmathparser.code.tex) (c:/texlive/2025/texmf-dist/tex/generic/pgf/math/pgfmathfunctions.code.tex) (c:/texlive/2025/texmf-dist/tex/generic/pgf/math/pgfmathfunctions.basic.code.tex) (c:/texlive/2025/texmf-dist/tex/generic/pgf/math/pgfmathfunctions.trigonometric.code.tex) (c:/texlive/2025/texmf-dist/tex/generic/pgf/math/pgfmathfunctions.random.code.tex) (c:/texlive/2025/texmf-dist/tex/generic/pgf/math/pgfmathfunctions.comparison.code.tex) (c:/texlive/2025/texmf-dist/tex/generic/pgf/math/pgfmathfunctions.base.code.tex) (c:/texlive/2025/texmf-dist/tex/generic/pgf/math/pgfmathfunctions.round.code.tex) (c:/texlive/2025/texmf-dist/tex/generic/pgf/math/pgfmathfunctions.misc.code.tex) (c:/texlive/2025/texmf-dist/tex/generic/pgf/math/pgfmathfunctions.integerarithmetics.code.tex) (c:/texlive/2025/texmf-dist/tex/generic/pgf/math/pgfmathcalc.code.tex) (c:/texlive/2025/texmf-dist/tex/generic/pgf/math/pgfmathfloat.code.tex)) (c:/texlive/2025/texmf-dist/tex/generic/pgf/math/pgfint.code.tex) (c:/texlive/2025/texmf-dist/tex/generic/pgf/basiclayer/pgfcorepoints.code.tex) (c:/texlive/2025/texmf-dist/tex/generic/pgf/basiclayer/pgfcorepathconstruct.code.tex) (c:/texlive/2025/texmf-dist/tex/generic/pgf/basiclayer/pgfcorepathusage.code.tex) (c:/texlive/2025/texmf-dist/tex/generic/pgf/basiclayer/pgfcorescopes.code.tex) (c:/texlive/2025/texmf-dist/tex/generic/pgf/basiclayer/pgfcoregraphicstate.code.tex) (c:/texlive/2025/texmf-dist/tex/generic/pgf/basiclayer/pgfcoretransformations.code.tex) (c:/texlive/2025/texmf-dist/tex/generic/pgf/basiclayer/pgfcorequick.code.tex) (c:/texlive/2025/texmf-dist/tex/generic/pgf/basiclayer/pgfcoreobjects.code.tex) (c:/texlive/2025/texmf-dist/tex/generic/pgf/basiclayer/pgfcorepathprocessing.code.tex) (c:/texlive/2025/texmf-dist/tex/generic/pgf/basiclayer/pgfcorearrows.code.tex) (c:/texlive/2025/texmf-dist/tex/generic/pgf/basiclayer/pgfcoreshade.code.tex) (c:/texlive/2025/texmf-dist/tex/generic/pgf/basiclayer/pgfcoreimage.code.tex) (c:/texlive/2025/texmf-dist/tex/generic/pgf/basiclayer/pgfcoreexternal.code.tex) (c:/texlive/2025/texmf-dist/tex/generic/pgf/basiclayer/pgfcorelayers.code.tex) (c:/texlive/2025/texmf-dist/tex/generic/pgf/basiclayer/pgfcoretransparency.code.tex) (c:/texlive/2025/texmf-dist/tex/generic/pgf/basiclayer/pgfcorepatterns.code.tex) (c:/texlive/2025/texmf-dist/tex/generic/pgf/basiclayer/pgfcorerdf.code.tex))) (c:/texlive/2025/texmf-dist/tex/generic/pgf/modules/pgfmoduleshapes.code.tex) (c:/texlive/2025/texmf-dist/tex/generic/pgf/modules/pgfmoduleplot.code.tex) (c:/texlive/2025/texmf-dist/tex/latex/pgf/compatibility/pgfcomp-version-0-65.sty) (c:/texlive/2025/texmf-dist/tex/latex/pgf/compatibility/pgfcomp-version-1-18.sty)) (c:/texlive/2025/texmf-dist/tex/latex/pgf/utilities/pgffor.sty (c:/texlive/2025/texmf-dist/tex/latex/pgf/utilities/pgfkeys.sty (c:/texlive/2025/texmf-dist/tex/generic/pgf/utilities/pgfkeys.code.tex)) (c:/texlive/2025/texmf-dist/tex/latex/pgf/math/pgfmath.sty (c:/texlive/2025/texmf-dist/tex/generic/pgf/math/pgfmath.code.tex)) (c:/texlive/2025/texmf-dist/tex/generic/pgf/utilities/pgffor.code.tex)) (c:/texlive/2025/texmf-dist/tex/generic/pgf/frontendlayer/tikz/tikz.code.tex (c:/texlive/2025/texmf-dist/tex/generic/pgf/libraries/pgflibraryplothandlers.code.tex) (c:/texlive/2025/texmf-dist/tex/generic/pgf/modules/pgfmodulematrix.code.tex) (c:/texlive/2025/texmf-dist/tex/generic/pgf/frontendlayer/tikz/libraries/tikzlibrarytopaths.code.tex))) (c:/texlive/2025/texmf-dist/tex/generic/pgfplots/pgfplots.code.tex (c:/texlive/2025/texmf-dist/tex/generic/pgfplots/pgfplotscore.code.tex (c:/texlive/2025/texmf-dist/tex/generic/pgfplots/sys/pgfplotssysgeneric.code.tex)) (c:/texlive/2025/texmf-dist/tex/generic/pgfplots/libs/pgfplotslibrary.code.tex) (c:/texlive/2025/texmf-dist/tex/generic/pgfplots/oldpgfcompatib/pgfplotsoldpgfsupp_loader.code.tex (c:/texlive/2025/texmf-dist/tex/generic/pgf/libraries/pgflibraryfpu.code.tex)
Package pgfplots: loading complementary utilities for your pgf version...
(c:/texlive/2025/texmf-dist/tex/generic/pgfplots/oldpgfcompatib/pgfplotsoldpgfsupp_pgfutil-common-lists.tex) (c:/texlive/2025/texmf-dist/tex/generic/pgf/libraries/luamath/pgflibraryluamath.code.tex)) (c:/texlive/2025/texmf-dist/tex/generic/pgfplots/util/pgfplotsutil.code.tex (c:/texlive/2025/texmf-dist/tex/generic/pgfplots/liststructure/pgfplotsliststructure.code.tex) (c:/texlive/2025/texmf-dist/tex/generic/pgfplots/liststructure/pgfplotsliststructureext.code.tex) (c:/texlive/2025/texmf-dist/tex/generic/pgfplots/liststructure/pgfplotsarray.code.tex) (c:/texlive/2025/texmf-dist/tex/generic/pgfplots/liststructure/pgfplotsmatrix.code.tex) (c:/texlive/2025/texmf-dist/tex/generic/pgfplots/numtable/pgfplotstableshared.code.tex) (c:/texlive/2025/texmf-dist/tex/generic/pgfplots/liststructure/pgfplotsdeque.code.tex) (c:/texlive/2025/texmf-dist/tex/generic/pgfplots/util/pgfplotsbinary.code.tex (c:/texlive/2025/texmf-dist/tex/generic/pgfplots/util/pgfplotsbinary.data.code.tex)) (c:/texlive/2025/texmf-dist/tex/generic/pgfplots/util/pgfplotsutil.verb.code.tex) (c:/texlive/2025/texmf-dist/tex/generic/pgfplots/libs/pgflibrarypgfplots.surfshading.code.tex (c:/texlive/2025/texmf-dist/tex/generic/pgfplots/sys/pgflibrarypgfplots.surfshading.pgfsys-luatex.def))) (c:/texlive/2025/texmf-dist/tex/generic/pgfplots/util/pgfplotscolormap.code.tex (c:/texlive/2025/texmf-dist/tex/generic/pgfplots/util/pgfplotscolor.code.tex)) (c:/texlive/2025/texmf-dist/tex/generic/pgfplots/pgfplotsstackedplots.code.tex) (c:/texlive/2025/texmf-dist/tex/generic/pgfplots/pgfplotsplothandlers.code.tex (c:/texlive/2025/texmf-dist/tex/generic/pgfplots/pgfplotsmeshplothandler.code.tex (c:/texlive/2025/texmf-dist/tex/generic/pgfplots/pgfplotsmeshplotimage.code.tex))) (c:/texlive/2025/texmf-dist/tex/generic/pgfplots/pgfplots.scaling.code.tex) (c:/texlive/2025/texmf-dist/tex/generic/pgfplots/pgfplotscoordprocessing.code.tex) (c:/texlive/2025/texmf-dist/tex/generic/pgfplots/pgfplots.errorbars.code.tex) (c:/texlive/2025/texmf-dist/tex/generic/pgfplots/pgfplots.markers.code.tex) (c:/texlive/2025/texmf-dist/tex/generic/pgfplots/pgfplotsticks.code.tex) (c:/texlive/2025/texmf-dist/tex/generic/pgfplots/pgfplots.paths.code.tex) (c:/texlive/2025/texmf-dist/tex/generic/pgf/frontendlayer/tikz/libraries/tikzlibrarydecorations.code.tex (c:/texlive/2025/texmf-dist/tex/generic/pgf/modules/pgfmoduledecorations.code.tex)) (c:/texlive/2025/texmf-dist/tex/generic/pgf/frontendlayer/tikz/libraries/tikzlibrarydecorations.pathmorphing.code.tex (c:/texlive/2025/texmf-dist/tex/generic/pgf/libraries/decorations/pgflibrarydecorations.pathmorphing.code.tex)) (c:/texlive/2025/texmf-dist/tex/generic/pgf/frontendlayer/tikz/libraries/tikzlibrarydecorations.pathreplacing.code.tex (c:/texlive/2025/texmf-dist/tex/generic/pgf/libraries/decorations/pgflibrarydecorations.pathreplacing.code.tex)) (c:/texlive/2025/texmf-dist/tex/generic/pgfplots/libs/tikzlibrarypgfplots.contourlua.code.tex)) (c:/texlive/2025/texmf-dist/tex/generic/pgf/frontendlayer/tikz/libraries/tikzlibraryplotmarks.code.tex (c:/texlive/2025/texmf-dist/tex/generic/pgf/libraries/pgflibraryplotmarks.code.tex))) (c:/texlive/2025/texmf-dist/tex/latex/amsfonts/umsa.fd) (c:/texlive/2025/texmf-dist/tex/latex/amsfonts/umsb.fd) (c:/texlive/2025/texmf-dist/tex/luatex/luatexja/patches/lltjp-array.sty) (./out/answer2.aux)
*geometry* driver: auto-detecting
*geometry* detected driver: luatex
(c:/texlive/2025/texmf-dist/tex/context/base/mkii/supp-pdf.mkii
[Loading MPS to PDF converter (version 2006.09.02).]
) (c:/texlive/2025/texmf-dist/tex/latex/epstopdf-pkg/epstopdf-base.sty (c:/texlive/2025/texmf-dist/tex/latex/latexconfig/epstopdf-sys.cfg)) (c:/texlive/2025/texmf-dist/tex/latex/translations/translations-basic-dictionary-english.trsl)
Package pgfplots notification 'compat/show suggested version=true': document has been generated with the most recent feature set (\pgfplotsset{compat=1.18}).


[1{c:/texlive/2025/texmf-var/fonts/map/pdftex/updmap/pdftex.map}]
[2]

LaTeX Warning: Reference `tbl:routh1_complete' on page 3 undefined on input line 170.


[3]

LaTeX Warning: Reference `tbl:routh2_epsilon' on page 4 undefined on input line 225.


[4]
[5]
[6]
[7]
[8] (./out/answer2.aux)

LaTeX Warning: There were undefined references.


LaTeX Warning: Label(s) may have changed. Rerun to get cross-references right.


Package rerunfilecheck Warning: File `answer2.out' has changed.
(rerunfilecheck)                Rerun to get outlines right
(rerunfilecheck)                or use package `bookmark'.

)
 1919 words of node memory still in use:
   10 hlist, 2 vlist, 5 rule, 2 glue, 4 kern, 1 glyph, 588 attribute, 59 glue_spec, 65 attribute_list, 2 write, 13 user_defined nodes
   avail lists: 1:8,2:27204,3:399,4:349,5:148,6:63,7:3396,8:38,9:1538,10:19
<c:/Windows/Fonts/times.ttf><c:/texlive/2025/texmf-dist/fonts/opentype/public/xits/XITSMath-Regular.otf><c:/texlive/2025/texmf-dist/fonts/opentype/public/xits/XITSMath-Regular.otf><c:/texlive/2025/texmf-dist/fonts/opentype/public/xits/XITSMath-Regular.otf><c:/Windows/Fonts/timesbd.ttf><c:/Windows/Fonts/yumindb.ttf><c:/Windows/Fonts/YuGothR.ttc><c:/Windows/Fonts/arial.ttf><c:/Windows/Fonts/times.ttf><c:/Windows/Fonts/yumin.ttf>
Output written on answer2.pdf (8 pages, 638038 bytes).

SyncTeX written on answer2.synctex.gz.
Transcript written on answer2.log.
Latexmk: Getting log file 'out/answer2.log'
Latexmk: Examining 'out/answer2.fls'
Latexmk: Examining 'out/answer2.log'
Latexmk: References changed.
Latexmk: References changed.
Latexmk: Log file says output to 'answer2.pdf'
Latexmk: Using bibtex to make bibliography file(s).
Latexmk: applying rule 'lualatex'...
Rule 'lualatex':  Reasons for rerun
Changed files or newly in use/created:
  out/answer2.aux
  out/answer2.out

------------
Run number 2 of rule 'lualatex'
------------
------------
Running 'lualatex  -synctex=1 -interaction=nonstopmode -file-line-error -recorder -output-directory="out"  -synctex=1 -interaction=nonstopmode "c:/Users/kaito/TeX-Folder/control engineering/work12/answer2.tex"'
------------
This is LuaHBTeX, Version 1.22.0 (TeX Live 2025) 
 restricted system commands enabled.
("c:/Users/kaito/TeX-Folder/control engineering/work12/answer2.tex"
LaTeX2e <2025-06-01> patch level 1
L3 programming layer <2025-05-26>
 (c:/texlive/2025/texmf-dist/tex/luatex/luatexja/ltjsarticle.cls
Document Class: ltjsarticle 2025-05-26 ltjsclasses 
(c:/texlive/2025/texmf-dist/tex/luatex/luatexja/luatexja.sty (c:/texlive/2025/texmf-dist/tex/luatex/luatexja/luatexja-core.sty (c:/texlive/2025/texmf-dist/tex/generic/infwarerr/infwarerr.sty) (c:/texlive/2025/texmf-dist/tex/luatex/luatexbase/luatexbase.sty (c:/texlive/2025/texmf-dist/tex/luatex/ctablestack/ctablestack.sty)) (c:/texlive/2025/texmf-dist/tex/generic/ltxcmds/ltxcmds.sty) (c:/texlive/2025/texmf-dist/tex/generic/pdftexcmds/pdftexcmds.sty (c:/texlive/2025/texmf-dist/tex/generic/iftex/iftex.sty)) (c:/texlive/2025/texmf-dist/tex/latex/xkeyval/xkeyval.sty (c:/texlive/2025/texmf-dist/tex/generic/xkeyval/xkeyval.tex (c:/texlive/2025/texmf-dist/tex/generic/xkeyval/xkvutils.tex (c:/texlive/2025/texmf-dist/tex/generic/xkeyval/keyval.tex)))) (c:/texlive/2025/texmf-dist/tex/latex/etoolbox/etoolbox.sty) (c:/texlive/2025/texmf-dist/tex/latex/everyhook/everyhook.sty (c:/texlive/2025/texmf-dist/tex/latex/svn-prov/svn-prov.sty)) (c:/texlive/2025/texmf-dist/tex/luatex/luatexja/ltj-base.sty) (c:/texlive/2025/texmf-dist/tex/luatex/luatexja/ltj-latex.sty (c:/texlive/2025/texmf-dist/tex/luatex/luatexja/patches/lltjfont.sty (c:/texlive/2025/texmf-dist/tex/latex/base/tuenc.def)) (c:/texlive/2025/texmf-dist/tex/luatex/luatexja/patches/lltjdefs.sty
(c:/texlive/2025/texmf-dist/tex/luatex/luatexja/jfm-ujisv.lua)
(c:/texlive/2025/texmf-dist/tex/luatex/luatexja/jfm-ujis.lua)) (c:/texlive/2025/texmf-dist/tex/luatex/luatexja/patches/lltjcore.sty (c:/texlive/2025/texmf-dist/tex/latex/l3kernel/expl3.sty (c:/texlive/2025/texmf-dist/tex/latex/l3backend/l3backend-luatex.def))) (c:/texlive/2025/texmf-dist/tex/luatex/luatexja/patches/lltjp-atbegshi.sty) (c:/texlive/2025/texmf-dist/tex/luatex/luatexja/patches/lltjp-geometry.sty (c:/texlive/2025/texmf-dist/tex/generic/iftex/ifluatex.sty)))) (c:/texlive/2025/texmf-dist/tex/luatex/luatexja/luatexja-compat.sty)) (c:/texlive/2025/texmf-dist/tex/platex/jsclasses/jslogo.sty)) (c:/texlive/2025/texmf-dist/tex/luatex/luatexja/addons/luatexja-fontspec.sty (c:/texlive/2025/texmf-dist/tex/latex/l3packages/l3keys2e/l3keys2e.sty) (c:/texlive/2025/texmf-dist/tex/latex/fontspec/fontspec.sty (c:/texlive/2025/texmf-dist/tex/latex/l3packages/xparse/xparse.sty) (c:/texlive/2025/texmf-dist/tex/latex/fontspec/fontspec-luatex.sty (c:/texlive/2025/texmf-dist/tex/latex/base/fontenc.sty) (c:/texlive/2025/texmf-dist/tex/latex/fontspec/fontspec.cfg))) (c:/texlive/2025/texmf-dist/tex/luatex/luatexja/patches/lltjp-fontspec.sty) (c:/texlive/2025/texmf-dist/tex/luatex/luatexja/addons/luatexja-fontspec-29e.sty)) (c:/texlive/2025/texmf-dist/tex/latex/amsmath/amsmath.sty
For additional information on amsmath, use the `?' option.
(c:/texlive/2025/texmf-dist/tex/latex/amsmath/amstext.sty (c:/texlive/2025/texmf-dist/tex/latex/amsmath/amsgen.sty)) (c:/texlive/2025/texmf-dist/tex/latex/amsmath/amsbsy.sty) (c:/texlive/2025/texmf-dist/tex/latex/amsmath/amsopn.sty)) (c:/texlive/2025/texmf-dist/tex/latex/amsfonts/amssymb.sty (c:/texlive/2025/texmf-dist/tex/latex/amsfonts/amsfonts.sty)) (c:/texlive/2025/texmf-dist/tex/latex/geometry/geometry.sty (c:/texlive/2025/texmf-dist/tex/generic/iftex/ifvtex.sty)) (c:/texlive/2025/texmf-dist/tex/latex/graphics/graphicx.sty (c:/texlive/2025/texmf-dist/tex/latex/graphics/graphics.sty (c:/texlive/2025/texmf-dist/tex/latex/graphics/trig.sty) (c:/texlive/2025/texmf-dist/tex/latex/graphics-cfg/graphics.cfg) (c:/texlive/2025/texmf-dist/tex/latex/graphics-def/luatex.def))) (c:/texlive/2025/texmf-dist/tex/latex/booktabs/booktabs.sty) (c:/texlive/2025/texmf-dist/tex/latex/siunitx/siunitx.sty (c:/texlive/2025/texmf-dist/tex/latex/translations/translations.sty) (c:/texlive/2025/texmf-dist/tex/latex/tools/array.sty)) (c:/texlive/2025/texmf-dist/tex/luatex/luatexja/patches/lltjp-siunitx.sty) (c:/texlive/2025/texmf-dist/tex/latex/hyperref/hyperref.sty (c:/texlive/2025/texmf-dist/tex/latex/kvsetkeys/kvsetkeys.sty) (c:/texlive/2025/texmf-dist/tex/generic/kvdefinekeys/kvdefinekeys.sty) (c:/texlive/2025/texmf-dist/tex/generic/pdfescape/pdfescape.sty) (c:/texlive/2025/texmf-dist/tex/latex/hycolor/hycolor.sty) (c:/texlive/2025/texmf-dist/tex/latex/hyperref/nameref.sty (c:/texlive/2025/texmf-dist/tex/latex/refcount/refcount.sty) (c:/texlive/2025/texmf-dist/tex/generic/gettitlestring/gettitlestring.sty (c:/texlive/2025/texmf-dist/tex/latex/kvoptions/kvoptions.sty))) (c:/texlive/2025/texmf-dist/tex/generic/stringenc/stringenc.sty) (c:/texlive/2025/texmf-dist/tex/latex/hyperref/pd1enc.def) (c:/texlive/2025/texmf-dist/tex/generic/intcalc/intcalc.sty) (c:/texlive/2025/texmf-dist/tex/latex/hyperref/puenc.def) (c:/texlive/2025/texmf-dist/tex/latex/url/url.sty) (c:/texlive/2025/texmf-dist/tex/generic/bitset/bitset.sty (c:/texlive/2025/texmf-dist/tex/generic/bigintcalc/bigintcalc.sty))) (c:/texlive/2025/texmf-dist/tex/latex/hyperref/hluatex.def (c:/texlive/2025/texmf-dist/tex/latex/rerunfilecheck/rerunfilecheck.sty (c:/texlive/2025/texmf-dist/tex/generic/uniquecounter/uniquecounter.sty))) (c:/texlive/2025/texmf-dist/tex/latex/fancyhdr/fancyhdr.sty) (c:/texlive/2025/texmf-dist/tex/latex/unicode-math/unicode-math.sty (c:/texlive/2025/texmf-dist/tex/latex/unicode-math/unicode-math-luatex.sty (c:/texlive/2025/texmf-dist/tex/latex/base/fix-cm.sty (c:/texlive/2025/texmf-dist/tex/latex/base/ts1enc.def)) (c:/texlive/2025/texmf-dist/tex/lualatex/lualatex-math/lualatex-math.sty) (c:/texlive/2025/texmf-dist/tex/latex/unicode-math/unicode-math-table.tex))) (c:/texlive/2025/texmf-dist/tex/luatex/luatexja/patches/lltjp-unicode-math.sty) (c:/texlive/2025/texmf-dist/tex/latex/pgfplots/pgfplots.sty (c:/texlive/2025/texmf-dist/tex/generic/pgfplots/pgfplots.revision.tex) (c:/texlive/2025/texmf-dist/tex/latex/pgf/frontendlayer/tikz.sty (c:/texlive/2025/texmf-dist/tex/latex/pgf/basiclayer/pgf.sty (c:/texlive/2025/texmf-dist/tex/latex/pgf/utilities/pgfrcs.sty (c:/texlive/2025/texmf-dist/tex/generic/pgf/utilities/pgfutil-common.tex) (c:/texlive/2025/texmf-dist/tex/generic/pgf/utilities/pgfutil-latex.def) (c:/texlive/2025/texmf-dist/tex/generic/pgf/utilities/pgfrcs.code.tex (c:/texlive/2025/texmf-dist/tex/generic/pgf/pgf.revision.tex))) (c:/texlive/2025/texmf-dist/tex/latex/pgf/basiclayer/pgfcore.sty (c:/texlive/2025/texmf-dist/tex/latex/pgf/systemlayer/pgfsys.sty (c:/texlive/2025/texmf-dist/tex/generic/pgf/systemlayer/pgfsys.code.tex (c:/texlive/2025/texmf-dist/tex/generic/pgf/utilities/pgfkeys.code.tex (c:/texlive/2025/texmf-dist/tex/generic/pgf/utilities/pgfkeyslibraryfiltered.code.tex)) (c:/texlive/2025/texmf-dist/tex/generic/pgf/systemlayer/pgf.cfg) (c:/texlive/2025/texmf-dist/tex/generic/pgf/systemlayer/pgfsys-luatex.def (c:/texlive/2025/texmf-dist/tex/generic/pgf/systemlayer/pgfsys-common-pdf.def))) (c:/texlive/2025/texmf-dist/tex/generic/pgf/systemlayer/pgfsyssoftpath.code.tex) (c:/texlive/2025/texmf-dist/tex/generic/pgf/systemlayer/pgfsysprotocol.code.tex)) (c:/texlive/2025/texmf-dist/tex/latex/xcolor/xcolor.sty (c:/texlive/2025/texmf-dist/tex/latex/graphics-cfg/color.cfg) (c:/texlive/2025/texmf-dist/tex/latex/graphics/mathcolor.ltx)) (c:/texlive/2025/texmf-dist/tex/generic/pgf/basiclayer/pgfcore.code.tex (c:/texlive/2025/texmf-dist/tex/generic/pgf/math/pgfmath.code.tex (c:/texlive/2025/texmf-dist/tex/generic/pgf/math/pgfmathutil.code.tex) (c:/texlive/2025/texmf-dist/tex/generic/pgf/math/pgfmathparser.code.tex) (c:/texlive/2025/texmf-dist/tex/generic/pgf/math/pgfmathfunctions.code.tex) (c:/texlive/2025/texmf-dist/tex/generic/pgf/math/pgfmathfunctions.basic.code.tex) (c:/texlive/2025/texmf-dist/tex/generic/pgf/math/pgfmathfunctions.trigonometric.code.tex) (c:/texlive/2025/texmf-dist/tex/generic/pgf/math/pgfmathfunctions.random.code.tex) (c:/texlive/2025/texmf-dist/tex/generic/pgf/math/pgfmathfunctions.comparison.code.tex) (c:/texlive/2025/texmf-dist/tex/generic/pgf/math/pgfmathfunctions.base.code.tex) (c:/texlive/2025/texmf-dist/tex/generic/pgf/math/pgfmathfunctions.round.code.tex) (c:/texlive/2025/texmf-dist/tex/generic/pgf/math/pgfmathfunctions.misc.code.tex) (c:/texlive/2025/texmf-dist/tex/generic/pgf/math/pgfmathfunctions.integerarithmetics.code.tex) (c:/texlive/2025/texmf-dist/tex/generic/pgf/math/pgfmathcalc.code.tex) (c:/texlive/2025/texmf-dist/tex/generic/pgf/math/pgfmathfloat.code.tex)) (c:/texlive/2025/texmf-dist/tex/generic/pgf/math/pgfint.code.tex) (c:/texlive/2025/texmf-dist/tex/generic/pgf/basiclayer/pgfcorepoints.code.tex) (c:/texlive/2025/texmf-dist/tex/generic/pgf/basiclayer/pgfcorepathconstruct.code.tex) (c:/texlive/2025/texmf-dist/tex/generic/pgf/basiclayer/pgfcorepathusage.code.tex) (c:/texlive/2025/texmf-dist/tex/generic/pgf/basiclayer/pgfcorescopes.code.tex) (c:/texlive/2025/texmf-dist/tex/generic/pgf/basiclayer/pgfcoregraphicstate.code.tex) (c:/texlive/2025/texmf-dist/tex/generic/pgf/basiclayer/pgfcoretransformations.code.tex) (c:/texlive/2025/texmf-dist/tex/generic/pgf/basiclayer/pgfcorequick.code.tex) (c:/texlive/2025/texmf-dist/tex/generic/pgf/basiclayer/pgfcoreobjects.code.tex) (c:/texlive/2025/texmf-dist/tex/generic/pgf/basiclayer/pgfcorepathprocessing.code.tex) (c:/texlive/2025/texmf-dist/tex/generic/pgf/basiclayer/pgfcorearrows.code.tex) (c:/texlive/2025/texmf-dist/tex/generic/pgf/basiclayer/pgfcoreshade.code.tex) (c:/texlive/2025/texmf-dist/tex/generic/pgf/basiclayer/pgfcoreimage.code.tex) (c:/texlive/2025/texmf-dist/tex/generic/pgf/basiclayer/pgfcoreexternal.code.tex) (c:/texlive/2025/texmf-dist/tex/generic/pgf/basiclayer/pgfcorelayers.code.tex) (c:/texlive/2025/texmf-dist/tex/generic/pgf/basiclayer/pgfcoretransparency.code.tex) (c:/texlive/2025/texmf-dist/tex/generic/pgf/basiclayer/pgfcorepatterns.code.tex) (c:/texlive/2025/texmf-dist/tex/generic/pgf/basiclayer/pgfcorerdf.code.tex))) (c:/texlive/2025/texmf-dist/tex/generic/pgf/modules/pgfmoduleshapes.code.tex) (c:/texlive/2025/texmf-dist/tex/generic/pgf/modules/pgfmoduleplot.code.tex) (c:/texlive/2025/texmf-dist/tex/latex/pgf/compatibility/pgfcomp-version-0-65.sty) (c:/texlive/2025/texmf-dist/tex/latex/pgf/compatibility/pgfcomp-version-1-18.sty)) (c:/texlive/2025/texmf-dist/tex/latex/pgf/utilities/pgffor.sty (c:/texlive/2025/texmf-dist/tex/latex/pgf/utilities/pgfkeys.sty (c:/texlive/2025/texmf-dist/tex/generic/pgf/utilities/pgfkeys.code.tex)) (c:/texlive/2025/texmf-dist/tex/latex/pgf/math/pgfmath.sty (c:/texlive/2025/texmf-dist/tex/generic/pgf/math/pgfmath.code.tex)) (c:/texlive/2025/texmf-dist/tex/generic/pgf/utilities/pgffor.code.tex)) (c:/texlive/2025/texmf-dist/tex/generic/pgf/frontendlayer/tikz/tikz.code.tex (c:/texlive/2025/texmf-dist/tex/generic/pgf/libraries/pgflibraryplothandlers.code.tex) (c:/texlive/2025/texmf-dist/tex/generic/pgf/modules/pgfmodulematrix.code.tex) (c:/texlive/2025/texmf-dist/tex/generic/pgf/frontendlayer/tikz/libraries/tikzlibrarytopaths.code.tex))) (c:/texlive/2025/texmf-dist/tex/generic/pgfplots/pgfplots.code.tex (c:/texlive/2025/texmf-dist/tex/generic/pgfplots/pgfplotscore.code.tex (c:/texlive/2025/texmf-dist/tex/generic/pgfplots/sys/pgfplotssysgeneric.code.tex)) (c:/texlive/2025/texmf-dist/tex/generic/pgfplots/libs/pgfplotslibrary.code.tex) (c:/texlive/2025/texmf-dist/tex/generic/pgfplots/oldpgfcompatib/pgfplotsoldpgfsupp_loader.code.tex (c:/texlive/2025/texmf-dist/tex/generic/pgf/libraries/pgflibraryfpu.code.tex)
Package pgfplots: loading complementary utilities for your pgf version...
(c:/texlive/2025/texmf-dist/tex/generic/pgfplots/oldpgfcompatib/pgfplotsoldpgfsupp_pgfutil-common-lists.tex) (c:/texlive/2025/texmf-dist/tex/generic/pgf/libraries/luamath/pgflibraryluamath.code.tex)) (c:/texlive/2025/texmf-dist/tex/generic/pgfplots/util/pgfplotsutil.code.tex (c:/texlive/2025/texmf-dist/tex/generic/pgfplots/liststructure/pgfplotsliststructure.code.tex) (c:/texlive/2025/texmf-dist/tex/generic/pgfplots/liststructure/pgfplotsliststructureext.code.tex) (c:/texlive/2025/texmf-dist/tex/generic/pgfplots/liststructure/pgfplotsarray.code.tex) (c:/texlive/2025/texmf-dist/tex/generic/pgfplots/liststructure/pgfplotsmatrix.code.tex) (c:/texlive/2025/texmf-dist/tex/generic/pgfplots/numtable/pgfplotstableshared.code.tex) (c:/texlive/2025/texmf-dist/tex/generic/pgfplots/liststructure/pgfplotsdeque.code.tex) (c:/texlive/2025/texmf-dist/tex/generic/pgfplots/util/pgfplotsbinary.code.tex (c:/texlive/2025/texmf-dist/tex/generic/pgfplots/util/pgfplotsbinary.data.code.tex)) (c:/texlive/2025/texmf-dist/tex/generic/pgfplots/util/pgfplotsutil.verb.code.tex) (c:/texlive/2025/texmf-dist/tex/generic/pgfplots/libs/pgflibrarypgfplots.surfshading.code.tex (c:/texlive/2025/texmf-dist/tex/generic/pgfplots/sys/pgflibrarypgfplots.surfshading.pgfsys-luatex.def))) (c:/texlive/2025/texmf-dist/tex/generic/pgfplots/util/pgfplotscolormap.code.tex (c:/texlive/2025/texmf-dist/tex/generic/pgfplots/util/pgfplotscolor.code.tex)) (c:/texlive/2025/texmf-dist/tex/generic/pgfplots/pgfplotsstackedplots.code.tex) (c:/texlive/2025/texmf-dist/tex/generic/pgfplots/pgfplotsplothandlers.code.tex (c:/texlive/2025/texmf-dist/tex/generic/pgfplots/pgfplotsmeshplothandler.code.tex (c:/texlive/2025/texmf-dist/tex/generic/pgfplots/pgfplotsmeshplotimage.code.tex))) (c:/texlive/2025/texmf-dist/tex/generic/pgfplots/pgfplots.scaling.code.tex) (c:/texlive/2025/texmf-dist/tex/generic/pgfplots/pgfplotscoordprocessing.code.tex) (c:/texlive/2025/texmf-dist/tex/generic/pgfplots/pgfplots.errorbars.code.tex) (c:/texlive/2025/texmf-dist/tex/generic/pgfplots/pgfplots.markers.code.tex) (c:/texlive/2025/texmf-dist/tex/generic/pgfplots/pgfplotsticks.code.tex) (c:/texlive/2025/texmf-dist/tex/generic/pgfplots/pgfplots.paths.code.tex) (c:/texlive/2025/texmf-dist/tex/generic/pgf/frontendlayer/tikz/libraries/tikzlibrarydecorations.code.tex (c:/texlive/2025/texmf-dist/tex/generic/pgf/modules/pgfmoduledecorations.code.tex)) (c:/texlive/2025/texmf-dist/tex/generic/pgf/frontendlayer/tikz/libraries/tikzlibrarydecorations.pathmorphing.code.tex (c:/texlive/2025/texmf-dist/tex/generic/pgf/libraries/decorations/pgflibrarydecorations.pathmorphing.code.tex)) (c:/texlive/2025/texmf-dist/tex/generic/pgf/frontendlayer/tikz/libraries/tikzlibrarydecorations.pathreplacing.code.tex (c:/texlive/2025/texmf-dist/tex/generic/pgf/libraries/decorations/pgflibrarydecorations.pathreplacing.code.tex)) (c:/texlive/2025/texmf-dist/tex/generic/pgfplots/libs/tikzlibrarypgfplots.contourlua.code.tex)) (c:/texlive/2025/texmf-dist/tex/generic/pgf/frontendlayer/tikz/libraries/tikzlibraryplotmarks.code.tex (c:/texlive/2025/texmf-dist/tex/generic/pgf/libraries/pgflibraryplotmarks.code.tex))) (c:/texlive/2025/texmf-dist/tex/latex/amsfonts/umsa.fd) (c:/texlive/2025/texmf-dist/tex/latex/amsfonts/umsb.fd) (c:/texlive/2025/texmf-dist/tex/luatex/luatexja/patches/lltjp-array.sty) (./out/answer2.aux)
*geometry* driver: auto-detecting
*geometry* detected driver: luatex
(c:/texlive/2025/texmf-dist/tex/context/base/mkii/supp-pdf.mkii
[Loading MPS to PDF converter (version 2006.09.02).]
) (c:/texlive/2025/texmf-dist/tex/latex/epstopdf-pkg/epstopdf-base.sty (c:/texlive/2025/texmf-dist/tex/latex/latexconfig/epstopdf-sys.cfg)) (c:/texlive/2025/texmf-dist/tex/latex/translations/translations-basic-dictionary-english.trsl) (./out/answer2.out) (./out/answer2.out)
Package pgfplots notification 'compat/show suggested version=true': document has been generated with the most recent feature set (\pgfplotsset{compat=1.18}).


[1{c:/texlive/2025/texmf-var/fonts/map/pdftex/updmap/pdftex.map}]
[2]
[3]
[4]
[5]
[6]
[7]
[8] (./out/answer2.aux))
 1919 words of node memory still in use:
   10 hlist, 2 vlist, 5 rule, 2 glue, 4 kern, 1 glyph, 588 attribute, 59 glue_spec, 65 attribute_list, 2 write, 13 user_defined nodes
   avail lists: 1:8,2:27204,3:399,4:349,5:148,6:63,7:3396,8:38,9:1538,10:19
<c:/Windows/Fonts/times.ttf><c:/texlive/2025/texmf-dist/fonts/opentype/public/xits/XITSMath-Regular.otf><c:/texlive/2025/texmf-dist/fonts/opentype/public/xits/XITSMath-Regular.otf><c:/texlive/2025/texmf-dist/fonts/opentype/public/xits/XITSMath-Regular.otf><c:/Windows/Fonts/timesbd.ttf><c:/Windows/Fonts/yumindb.ttf><c:/Windows/Fonts/YuGothR.ttc><c:/Windows/Fonts/arial.ttf><c:/Windows/Fonts/times.ttf><c:/Windows/Fonts/yumin.ttf>
Output written on answer2.pdf (8 pages, 638649 bytes).

SyncTeX written on answer2.synctex.gz.
Transcript written on answer2.log.
Latexmk: Getting log file 'out/answer2.log'
Latexmk: Examining 'out/answer2.fls'
Latexmk: Examining 'out/answer2.log'
Latexmk: Log file says output to 'answer2.pdf'
Latexmk: Using bibtex to make bibliography file(s).
Latexmk: All targets (out/answer2.pdf) are up-to-date

