Initial Win CP for (console input, console output, system): (CP932, CP932, CP932)
I changed them all to CP932
Rc files read:
  C:/Users/kaito/.latexmkrc
Latexmk: This is Latexmk, John Collins, 15 June 2025. Version 4.87.
Latexmk: Doing full clean up for 'c:/Users/kaito/TeX-Folder/control engineering/work12/answer3.tex'
No existing .aux file, so I'll make a simple one, and require run of *latex.
Force everything to be remade.
Latexmk: applying rule 'lualatex'...
Rule 'lualatex':  Reasons for rerun
Category 'other':
  Rerun of 'lualatex' forced or previously required:
    Reason or flag: 'go_mode'

------------
Run number 1 of rule 'lualatex'
------------
------------
Running 'lualatex  -synctex=1 -interaction=nonstopmode -file-line-error -recorder -output-directory="out"  -synctex=1 -interaction=nonstopmode "c:/Users/kaito/TeX-Folder/control engineering/work12/answer3.tex"'
------------
This is LuaHBTeX, Version 1.22.0 (TeX Live 2025) 
 restricted system commands enabled.
("c:/Users/kaito/TeX-Folder/control engineering/work12/answer3.tex"
LaTeX2e <2025-06-01> patch level 1
L3 programming layer <2025-05-26>
 (c:/texlive/2025/texmf-dist/tex/luatex/luatexja/ltjsarticle.cls
Document Class: ltjsarticle 2025-05-26 ltjsclasses 
(c:/texlive/2025/texmf-dist/tex/luatex/luatexja/luatexja.sty (c:/texlive/2025/texmf-dist/tex/luatex/luatexja/luatexja-core.sty (c:/texlive/2025/texmf-dist/tex/generic/infwarerr/infwarerr.sty) (c:/texlive/2025/texmf-dist/tex/luatex/luatexbase/luatexbase.sty (c:/texlive/2025/texmf-dist/tex/luatex/ctablestack/ctablestack.sty)) (c:/texlive/2025/texmf-dist/tex/generic/ltxcmds/ltxcmds.sty) (c:/texlive/2025/texmf-dist/tex/generic/pdftexcmds/pdftexcmds.sty (c:/texlive/2025/texmf-dist/tex/generic/iftex/iftex.sty)) (c:/texlive/2025/texmf-dist/tex/latex/xkeyval/xkeyval.sty (c:/texlive/2025/texmf-dist/tex/generic/xkeyval/xkeyval.tex (c:/texlive/2025/texmf-dist/tex/generic/xkeyval/xkvutils.tex (c:/texlive/2025/texmf-dist/tex/generic/xkeyval/keyval.tex)))) (c:/texlive/2025/texmf-dist/tex/latex/etoolbox/etoolbox.sty) (c:/texlive/2025/texmf-dist/tex/latex/everyhook/everyhook.sty (c:/texlive/2025/texmf-dist/tex/latex/svn-prov/svn-prov.sty)) (c:/texlive/2025/texmf-dist/tex/luatex/luatexja/ltj-base.sty) (c:/texlive/2025/texmf-dist/tex/luatex/luatexja/ltj-latex.sty (c:/texlive/2025/texmf-dist/tex/luatex/luatexja/patches/lltjfont.sty (c:/texlive/2025/texmf-dist/tex/latex/base/tuenc.def)) (c:/texlive/2025/texmf-dist/tex/luatex/luatexja/patches/lltjdefs.sty
(c:/texlive/2025/texmf-dist/tex/luatex/luatexja/jfm-ujisv.lua)
(c:/texlive/2025/texmf-dist/tex/luatex/luatexja/jfm-ujis.lua)) (c:/texlive/2025/texmf-dist/tex/luatex/luatexja/patches/lltjcore.sty (c:/texlive/2025/texmf-dist/tex/latex/l3kernel/expl3.sty (c:/texlive/2025/texmf-dist/tex/latex/l3backend/l3backend-luatex.def))) (c:/texlive/2025/texmf-dist/tex/luatex/luatexja/patches/lltjp-atbegshi.sty) (c:/texlive/2025/texmf-dist/tex/luatex/luatexja/patches/lltjp-geometry.sty (c:/texlive/2025/texmf-dist/tex/generic/iftex/ifluatex.sty)))) (c:/texlive/2025/texmf-dist/tex/luatex/luatexja/luatexja-compat.sty)) (c:/texlive/2025/texmf-dist/tex/platex/jsclasses/jslogo.sty)) (c:/texlive/2025/texmf-dist/tex/latex/fontspec/fontspec.sty (c:/texlive/2025/texmf-dist/tex/latex/l3packages/xparse/xparse.sty) (c:/texlive/2025/texmf-dist/tex/latex/fontspec/fontspec-luatex.sty (c:/texlive/2025/texmf-dist/tex/latex/base/fontenc.sty) (c:/texlive/2025/texmf-dist/tex/latex/fontspec/fontspec.cfg))) (c:/texlive/2025/texmf-dist/tex/luatex/luatexja/patches/lltjp-fontspec.sty) (c:/texlive/2025/texmf-dist/tex/latex/amsmath/amsmath.sty
For additional information on amsmath, use the `?' option.
(c:/texlive/2025/texmf-dist/tex/latex/amsmath/amstext.sty (c:/texlive/2025/texmf-dist/tex/latex/amsmath/amsgen.sty)) (c:/texlive/2025/texmf-dist/tex/latex/amsmath/amsbsy.sty) (c:/texlive/2025/texmf-dist/tex/latex/amsmath/amsopn.sty)) (c:/texlive/2025/texmf-dist/tex/latex/amsfonts/amssymb.sty (c:/texlive/2025/texmf-dist/tex/latex/amsfonts/amsfonts.sty)) (c:/texlive/2025/texmf-dist/tex/latex/geometry/geometry.sty (c:/texlive/2025/texmf-dist/tex/generic/iftex/ifvtex.sty))
c:/Users/kaito/TeX-Folder/control engineering/work12/answer3.tex:13: Undefined control sequence.
<recently read> \ltjsetmainfont 
                                
l.13 \ltjsetmainfont
                    {Yu Mincho} % 本文の和文明朝体󿿿

c:/Users/kaito/TeX-Folder/control engineering/work12/answer3.tex:13: LaTeX Error: Missing \begin{document}.

See the LaTeX manual or LaTeX Companion for explanation.
Type  H <return>  for immediate help.
 ...                                              
                                                  
l.13 \ltjsetmainfont{Y
                      u Mincho} % 本文の和文明朝体󿿿
c:/Users/kaito/TeX-Folder/control engineering/work12/answer3.tex:14: Undefined control sequence.
l.14 \ltjsetsansfont
                    {Yu Gothic} % 和文ゴシック体󿿿
(./out/answer3.aux)
*geometry* driver: auto-detecting
*geometry* detected driver: luatex

[1{c:/texlive/2025/texmf-var/fonts/map/pdftex/updmap/pdftex.map}] (c:/texlive/2025/texmf-dist/tex/latex/amsfonts/umsa.fd) (c:/texlive/2025/texmf-dist/tex/latex/amsfonts/umsb.fd)
[2]
[3]
[4]
[5] (./out/answer3.aux))
(see the transcript file for additional information)
 1214 words of node memory still in use:
   11 hlist, 2 vlist, 5 rule, 2 glue, 4 kern, 1 glyph, 271 attribute, 54 glue_spec, 37 attribute_list, 1 write, 14 user_defined nodes
   avail lists: 1:8,2:25696,3:293,4:329,5:163,6:46,7:3611,8:40,9:1249,10:8,11:2
<c:/texlive/2025/texmf-dist/fonts/opentype/public/haranoaji/HaranoAjiGothic-Medium.otf><c:/Windows/Fonts/arial.ttf><c:/texlive/2025/texmf-dist/fonts/opentype/public/haranoaji/HaranoAjiMincho-Regular.otf><c:/Windows/Fonts/times.ttf><c:/texlive/2025/texmf-dist/fonts/type1/public/amsfonts/cm/cmex10.pfb><c:/texlive/2025/texmf-dist/fonts/type1/public/amsfonts/cm/cmmi10.pfb><c:/texlive/2025/texmf-dist/fonts/type1/public/amsfonts/cm/cmmi7.pfb><c:/texlive/2025/texmf-dist/fonts/type1/public/amsfonts/cm/cmr10.pfb><c:/texlive/2025/texmf-dist/fonts/type1/public/amsfonts/cm/cmr5.pfb><c:/texlive/2025/texmf-dist/fonts/type1/public/amsfonts/cm/cmr7.pfb><c:/texlive/2025/texmf-dist/fonts/type1/public/amsfonts/cm/cmsy10.pfb><c:/texlive/2025/texmf-dist/fonts/type1/public/amsfonts/cm/cmsy7.pfb>
Output written on answer3.pdf (5 pages, 153052 bytes).

SyncTeX written on answer3.synctex.gz.
Transcript written on answer3.log.
Latexmk: Getting log file 'out/answer3.log'
Latexmk: Examining 'out/answer3.fls'
Latexmk: Examining 'out/answer3.log'
Latexmk: Log file says output to 'answer3.pdf'
Latexmk: Using bibtex to make bibliography file(s).
Latexmk: applying rule 'lualatex'...
Rule 'lualatex':  Reasons for rerun
Changed files or newly in use/created:
  out/answer3.aux

------------
Run number 2 of rule 'lualatex'
------------
------------
Running 'lualatex  -synctex=1 -interaction=nonstopmode -file-line-error -recorder -output-directory="out"  -synctex=1 -interaction=nonstopmode "c:/Users/kaito/TeX-Folder/control engineering/work12/answer3.tex"'
------------
This is LuaHBTeX, Version 1.22.0 (TeX Live 2025) 
 restricted system commands enabled.
("c:/Users/kaito/TeX-Folder/control engineering/work12/answer3.tex"
LaTeX2e <2025-06-01> patch level 1
L3 programming layer <2025-05-26>
 (c:/texlive/2025/texmf-dist/tex/luatex/luatexja/ltjsarticle.cls
Document Class: ltjsarticle 2025-05-26 ltjsclasses 
(c:/texlive/2025/texmf-dist/tex/luatex/luatexja/luatexja.sty (c:/texlive/2025/texmf-dist/tex/luatex/luatexja/luatexja-core.sty (c:/texlive/2025/texmf-dist/tex/generic/infwarerr/infwarerr.sty) (c:/texlive/2025/texmf-dist/tex/luatex/luatexbase/luatexbase.sty (c:/texlive/2025/texmf-dist/tex/luatex/ctablestack/ctablestack.sty)) (c:/texlive/2025/texmf-dist/tex/generic/ltxcmds/ltxcmds.sty) (c:/texlive/2025/texmf-dist/tex/generic/pdftexcmds/pdftexcmds.sty (c:/texlive/2025/texmf-dist/tex/generic/iftex/iftex.sty)) (c:/texlive/2025/texmf-dist/tex/latex/xkeyval/xkeyval.sty (c:/texlive/2025/texmf-dist/tex/generic/xkeyval/xkeyval.tex (c:/texlive/2025/texmf-dist/tex/generic/xkeyval/xkvutils.tex (c:/texlive/2025/texmf-dist/tex/generic/xkeyval/keyval.tex)))) (c:/texlive/2025/texmf-dist/tex/latex/etoolbox/etoolbox.sty) (c:/texlive/2025/texmf-dist/tex/latex/everyhook/everyhook.sty (c:/texlive/2025/texmf-dist/tex/latex/svn-prov/svn-prov.sty)) (c:/texlive/2025/texmf-dist/tex/luatex/luatexja/ltj-base.sty) (c:/texlive/2025/texmf-dist/tex/luatex/luatexja/ltj-latex.sty (c:/texlive/2025/texmf-dist/tex/luatex/luatexja/patches/lltjfont.sty (c:/texlive/2025/texmf-dist/tex/latex/base/tuenc.def)) (c:/texlive/2025/texmf-dist/tex/luatex/luatexja/patches/lltjdefs.sty
(c:/texlive/2025/texmf-dist/tex/luatex/luatexja/jfm-ujisv.lua)
(c:/texlive/2025/texmf-dist/tex/luatex/luatexja/jfm-ujis.lua)) (c:/texlive/2025/texmf-dist/tex/luatex/luatexja/patches/lltjcore.sty (c:/texlive/2025/texmf-dist/tex/latex/l3kernel/expl3.sty (c:/texlive/2025/texmf-dist/tex/latex/l3backend/l3backend-luatex.def))) (c:/texlive/2025/texmf-dist/tex/luatex/luatexja/patches/lltjp-atbegshi.sty) (c:/texlive/2025/texmf-dist/tex/luatex/luatexja/patches/lltjp-geometry.sty (c:/texlive/2025/texmf-dist/tex/generic/iftex/ifluatex.sty)))) (c:/texlive/2025/texmf-dist/tex/luatex/luatexja/luatexja-compat.sty)) (c:/texlive/2025/texmf-dist/tex/platex/jsclasses/jslogo.sty)) (c:/texlive/2025/texmf-dist/tex/latex/fontspec/fontspec.sty (c:/texlive/2025/texmf-dist/tex/latex/l3packages/xparse/xparse.sty) (c:/texlive/2025/texmf-dist/tex/latex/fontspec/fontspec-luatex.sty (c:/texlive/2025/texmf-dist/tex/latex/base/fontenc.sty) (c:/texlive/2025/texmf-dist/tex/latex/fontspec/fontspec.cfg))) (c:/texlive/2025/texmf-dist/tex/luatex/luatexja/patches/lltjp-fontspec.sty) (c:/texlive/2025/texmf-dist/tex/latex/amsmath/amsmath.sty
For additional information on amsmath, use the `?' option.
(c:/texlive/2025/texmf-dist/tex/latex/amsmath/amstext.sty (c:/texlive/2025/texmf-dist/tex/latex/amsmath/amsgen.sty)) (c:/texlive/2025/texmf-dist/tex/latex/amsmath/amsbsy.sty) (c:/texlive/2025/texmf-dist/tex/latex/amsmath/amsopn.sty)) (c:/texlive/2025/texmf-dist/tex/latex/amsfonts/amssymb.sty (c:/texlive/2025/texmf-dist/tex/latex/amsfonts/amsfonts.sty)) (c:/texlive/2025/texmf-dist/tex/latex/geometry/geometry.sty (c:/texlive/2025/texmf-dist/tex/generic/iftex/ifvtex.sty))
c:/Users/kaito/TeX-Folder/control engineering/work12/answer3.tex:13: Undefined control sequence.
<recently read> \ltjsetmainfont 
                                
l.13 \ltjsetmainfont
                    {Yu Mincho} % 本文の和文明朝体󿿿

c:/Users/kaito/TeX-Folder/control engineering/work12/answer3.tex:13: LaTeX Error: Missing \begin{document}.

See the LaTeX manual or LaTeX Companion for explanation.
Type  H <return>  for immediate help.
 ...                                              
                                                  
l.13 \ltjsetmainfont{Y
                      u Mincho} % 本文の和文明朝体󿿿
c:/Users/kaito/TeX-Folder/control engineering/work12/answer3.tex:14: Undefined control sequence.
l.14 \ltjsetsansfont
                    {Yu Gothic} % 和文ゴシック体󿿿
(./out/answer3.aux)
*geometry* driver: auto-detecting
*geometry* detected driver: luatex

[1{c:/texlive/2025/texmf-var/fonts/map/pdftex/updmap/pdftex.map}] (c:/texlive/2025/texmf-dist/tex/latex/amsfonts/umsa.fd) (c:/texlive/2025/texmf-dist/tex/latex/amsfonts/umsb.fd)
[2]
[3]
[4]
[5] (./out/answer3.aux))
(see the transcript file for additional information)
 1214 words of node memory still in use:
   11 hlist, 2 vlist, 5 rule, 2 glue, 4 kern, 1 glyph, 271 attribute, 54 glue_spec, 37 attribute_list, 1 write, 14 user_defined nodes
   avail lists: 1:8,2:25696,3:293,4:329,5:163,6:46,7:3611,8:40,9:1249,10:8,11:2
<c:/texlive/2025/texmf-dist/fonts/opentype/public/haranoaji/HaranoAjiGothic-Medium.otf><c:/Windows/Fonts/arial.ttf><c:/texlive/2025/texmf-dist/fonts/opentype/public/haranoaji/HaranoAjiMincho-Regular.otf><c:/Windows/Fonts/times.ttf><c:/texlive/2025/texmf-dist/fonts/type1/public/amsfonts/cm/cmex10.pfb><c:/texlive/2025/texmf-dist/fonts/type1/public/amsfonts/cm/cmmi10.pfb><c:/texlive/2025/texmf-dist/fonts/type1/public/amsfonts/cm/cmmi7.pfb><c:/texlive/2025/texmf-dist/fonts/type1/public/amsfonts/cm/cmr10.pfb><c:/texlive/2025/texmf-dist/fonts/type1/public/amsfonts/cm/cmr5.pfb><c:/texlive/2025/texmf-dist/fonts/type1/public/amsfonts/cm/cmr7.pfb><c:/texlive/2025/texmf-dist/fonts/type1/public/amsfonts/cm/cmsy10.pfb><c:/texlive/2025/texmf-dist/fonts/type1/public/amsfonts/cm/cmsy7.pfb>
Output written on answer3.pdf (5 pages, 153052 bytes).

SyncTeX written on answer3.synctex.gz.
Transcript written on answer3.log.
Latexmk: Getting log file 'out/answer3.log'
Latexmk: Examining 'out/answer3.fls'
Latexmk: Examining 'out/answer3.log'
Latexmk: Log file says output to 'answer3.pdf'
Latexmk: Using bibtex to make bibliography file(s).
Latexmk: Errors, in force_mode: so I tried finishing targets
Collected error summary (may duplicate other messages):
  lualatex: Command for 'lualatex' gave return code 1
      Refer to 'out/answer3.log' and/or above output for details

C:\texlive\2025\bin\windows\runscript.tlu:933: command failed with exit code 12:
perl.exe c:\texlive\2025\texmf-dist\scripts\latexmk\latexmk.pl -f -gg -pv -lualatex -synctex=1 -interaction=nonstopmode -file-line-error "c:/Users/kaito/TeX-Folder/control engineering/work12/answer3"
