Initial Win CP for (console input, console output, system): (CP932, CP932, CP932)
I changed them all to CP932
Rc files read:
  C:/Users/kaito/.latexmkrc
Latexmk: This is Latexmk, John Collins, 15 June 2025. Version 4.87.
Latexmk: Doing full clean up for 'c:/Users/kaito/TeX-Folder/SOTURON/Yanagihara_BCDR_MEGTRON6_2026.tex'
No existing .aux file, so I'll make a simple one, and require run of *latex.
Force everything to be remade.
Latexmk: applying rule 'lualatex'...
Rule 'lualatex':  Reasons for rerun
Category 'other':
  Rerun of 'lualatex' forced or previously required:
    Reason or flag: 'go_mode'

------------
Run number 1 of rule 'lualatex'
------------
------------
Running 'lualatex  -synctex=1 -interaction=nonstopmode -file-line-error -recorder -output-directory="out"  -synctex=1 -interaction=nonstopmode -shell-escape "c:/Users/kaito/TeX-Folder/SOTURON/Yanagihara_BCDR_MEGTRON6_2026.tex"'
------------
This is LuaHBTeX, Version 1.22.0 (TeX Live 2025) 
 system commands enabled.
(c:/Users/kaito/TeX-Folder/SOTURON/Yanagihara_BCDR_MEGTRON6_2026.tex
LaTeX2e <2025-11-01>
L3 programming layer <2025-10-24>
 (c:/texlive/2025/texmf-dist/tex/luatex/luatexja/ltjsreport.cls
Document Class: ltjsreport 2025-05-26 ltjsclasses 
(c:/texlive/2025/texmf-dist/tex/luatex/luatexja/luatexja.sty (c:/texlive/2025/texmf-dist/tex/luatex/luatexja/luatexja-core.sty (c:/texlive/2025/texmf-dist/tex/generic/infwarerr/infwarerr.sty) (c:/texlive/2025/texmf-dist/tex/luatex/luatexbase/luatexbase.sty (c:/texlive/2025/texmf-dist/tex/luatex/ctablestack/ctablestack.sty)) (c:/texlive/2025/texmf-dist/tex/generic/ltxcmds/ltxcmds.sty) (c:/texlive/2025/texmf-dist/tex/generic/pdftexcmds/pdftexcmds.sty (c:/texlive/2025/texmf-dist/tex/generic/iftex/iftex.sty)) (c:/texlive/2025/texmf-dist/tex/latex/xkeyval/xkeyval.sty (c:/texlive/2025/texmf-dist/tex/generic/xkeyval/xkeyval.tex (c:/texlive/2025/texmf-dist/tex/generic/xkeyval/xkvutils.tex (c:/texlive/2025/texmf-dist/tex/generic/xkeyval/keyval.tex)))) (c:/texlive/2025/texmf-dist/tex/latex/etoolbox/etoolbox.sty) (c:/texlive/2025/texmf-dist/tex/latex/everyhook/everyhook.sty (c:/texlive/2025/texmf-dist/tex/latex/svn-prov/svn-prov.sty)) (c:/texlive/2025/texmf-dist/tex/luatex/luatexja/ltj-base.sty) (c:/texlive/2025/texmf-dist/tex/luatex/luatexja/ltj-latex.sty (c:/texlive/2025/texmf-dist/tex/luatex/luatexja/patches/lltjfont.sty (c:/texlive/2025/texmf-dist/tex/latex/base/tuenc.def)) (c:/texlive/2025/texmf-dist/tex/luatex/luatexja/patches/lltjdefs.sty
(c:/texlive/2025/texmf-dist/tex/luatex/luatexja/jfm-ujisv.lua)
(c:/texlive/2025/texmf-dist/tex/luatex/luatexja/jfm-ujis.lua)) (c:/texlive/2025/texmf-dist/tex/luatex/luatexja/patches/lltjcore.sty (c:/texlive/2025/texmf-dist/tex/latex/l3kernel/expl3.sty (c:/texlive/2025/texmf-dist/tex/latex/l3backend/l3backend-luatex.def))) (c:/texlive/2025/texmf-dist/tex/luatex/luatexja/patches/lltjp-atbegshi.sty) (c:/texlive/2025/texmf-dist/tex/luatex/luatexja/patches/lltjp-geometry.sty (c:/texlive/2025/texmf-dist/tex/generic/iftex/ifluatex.sty)))) (c:/texlive/2025/texmf-dist/tex/luatex/luatexja/luatexja-compat.sty)) (c:/texlive/2025/texmf-dist/tex/platex/jsclasses/jslogo.sty)) (c:/texlive/2025/texmf-dist/tex/luatex/luatexja/addons/luatexja-fontspec.sty (c:/texlive/2025/texmf-dist/tex/latex/l3packages/l3keys2e/l3keys2e.sty) (c:/texlive/2025/texmf-dist/tex/latex/fontspec/fontspec.sty (c:/texlive/2025/texmf-dist/tex/latex/l3packages/xparse/xparse.sty) (c:/texlive/2025/texmf-dist/tex/latex/fontspec/fontspec-luatex.sty (c:/texlive/2025/texmf-dist/tex/latex/base/fontenc.sty) (c:/texlive/2025/texmf-dist/tex/latex/fontspec/fontspec.cfg))) (c:/texlive/2025/texmf-dist/tex/luatex/luatexja/patches/lltjp-fontspec.sty) (c:/texlive/2025/texmf-dist/tex/luatex/luatexja/addons/luatexja-fontspec-29e.sty)) (c:/texlive/2025/texmf-dist/tex/latex/lm/lmodern.sty) (c:/texlive/2025/texmf-dist/tex/latex/geometry/geometry.sty (c:/texlive/2025/texmf-dist/tex/generic/iftex/ifvtex.sty)) (c:/texlive/2025/texmf-dist/tex/latex/booktabs/booktabs.sty) (c:/texlive/2025/texmf-dist/tex/latex/float/float.sty) (c:/texlive/2025/texmf-dist/tex/latex/graphics/graphicx.sty (c:/texlive/2025/texmf-dist/tex/latex/graphics/graphics.sty (c:/texlive/2025/texmf-dist/tex/latex/graphics/trig.sty) (c:/texlive/2025/texmf-dist/tex/latex/graphics-cfg/graphics.cfg) (c:/texlive/2025/texmf-dist/tex/latex/graphics-def/luatex.def))) (c:/texlive/2025/texmf-dist/tex/latex/amsmath/amsmath.sty
For additional information on amsmath, use the `?' option.
(c:/texlive/2025/texmf-dist/tex/latex/amsmath/amstext.sty (c:/texlive/2025/texmf-dist/tex/latex/amsmath/amsgen.sty)) (c:/texlive/2025/texmf-dist/tex/latex/amsmath/amsbsy.sty) (c:/texlive/2025/texmf-dist/tex/latex/amsmath/amsopn.sty)) (c:/texlive/2025/texmf-dist/tex/latex/siunitx/siunitx.sty (c:/texlive/2025/texmf-dist/tex/latex/translations/translations.sty) (c:/texlive/2025/texmf-dist/tex/latex/tools/array.sty)) (c:/texlive/2025/texmf-dist/tex/luatex/luatexja/patches/lltjp-siunitx.sty) (c:/texlive/2025/texmf-dist/tex/latex/tools/bm.sty) (c:/texlive/2025/texmf-dist/tex/latex/url/url.sty) (c:/texlive/2025/texmf-dist/tex/latex/xurl/xurl.sty) (c:/texlive/2025/texmf-dist/tex/latex/natbib/natbib.sty) (c:/texlive/2025/texmf-dist/tex/latex/svg/svg.sty (c:/texlive/2025/texmf-dist/tex/latex/koma-script/scrbase.sty (c:/texlive/2025/texmf-dist/tex/latex/koma-script/scrlfile.sty (c:/texlive/2025/texmf-dist/tex/latex/koma-script/scrlfile-hook.sty (c:/texlive/2025/texmf-dist/tex/latex/koma-script/scrlogo.sty)))) (c:/texlive/2025/texmf-dist/tex/latex/trimspaces/trimspaces.sty) (c:/texlive/2025/texmf-dist/tex/latex/tools/shellesc.sty) (c:/texlive/2025/texmf-dist/tex/latex/ifplatform/ifplatform.sty (c:/texlive/2025/texmf-dist/tex/generic/catchfile/catchfile.sty (c:/texlive/2025/texmf-dist/tex/generic/etexcmds/etexcmds.sty)))) (c:/texlive/2025/texmf-dist/tex/latex/xcolor/xcolor.sty (c:/texlive/2025/texmf-dist/tex/latex/graphics-cfg/color.cfg) (c:/texlive/2025/texmf-dist/tex/latex/graphics/mathcolor.ltx)) (c:/texlive/2025/texmf-dist/tex/latex/transparent/transparent.sty (c:/texlive/2025/texmf-dist/tex/latex/transparent/transparent-nometadata.sty (c:/texlive/2025/texmf-dist/tex/latex/auxhook/auxhook.sty))) (c:/texlive/2025/texmf-dist/tex/latex/pgf/systemlayer/pgfsys.sty (c:/texlive/2025/texmf-dist/tex/latex/pgf/utilities/pgfrcs.sty (c:/texlive/2025/texmf-dist/tex/generic/pgf/utilities/pgfutil-common.tex) (c:/texlive/2025/texmf-dist/tex/generic/pgf/utilities/pgfutil-latex.def) (c:/texlive/2025/texmf-dist/tex/generic/pgf/utilities/pgfrcs.code.tex (c:/texlive/2025/texmf-dist/tex/generic/pgf/pgf.revision.tex))) (c:/texlive/2025/texmf-dist/tex/generic/pgf/systemlayer/pgfsys.code.tex (c:/texlive/2025/texmf-dist/tex/generic/pgf/utilities/pgfkeys.code.tex (c:/texlive/2025/texmf-dist/tex/generic/pgf/utilities/pgfkeyslibraryfiltered.code.tex)) (c:/texlive/2025/texmf-dist/tex/generic/pgf/systemlayer/pgf.cfg) (c:/texlive/2025/texmf-dist/tex/generic/pgf/systemlayer/pgfsys-luatex.def (c:/texlive/2025/texmf-dist/tex/generic/pgf/systemlayer/pgfsys-common-pdf.def))) (c:/texlive/2025/texmf-dist/tex/generic/pgf/systemlayer/pgfsyssoftpath.code.tex) (c:/texlive/2025/texmf-dist/tex/generic/pgf/systemlayer/pgfsysprotocol.code.tex)) (c:/texlive/2025/texmf-dist/tex/latex/hyperref/hyperref.sty (c:/texlive/2025/texmf-dist/tex/latex/kvsetkeys/kvsetkeys.sty) (c:/texlive/2025/texmf-dist/tex/generic/kvdefinekeys/kvdefinekeys.sty) (c:/texlive/2025/texmf-dist/tex/generic/pdfescape/pdfescape.sty) (c:/texlive/2025/texmf-dist/tex/latex/hycolor/hycolor.sty) (c:/texlive/2025/texmf-dist/tex/latex/hyperref/nameref.sty (c:/texlive/2025/texmf-dist/tex/latex/refcount/refcount.sty) (c:/texlive/2025/texmf-dist/tex/generic/gettitlestring/gettitlestring.sty (c:/texlive/2025/texmf-dist/tex/latex/kvoptions/kvoptions.sty))) (c:/texlive/2025/texmf-dist/tex/generic/stringenc/stringenc.sty) (c:/texlive/2025/texmf-dist/tex/latex/hyperref/pd1enc.def) (c:/texlive/2025/texmf-dist/tex/generic/intcalc/intcalc.sty) (c:/texlive/2025/texmf-dist/tex/latex/hyperref/puenc.def) (c:/texlive/2025/texmf-dist/tex/generic/bitset/bitset.sty (c:/texlive/2025/texmf-dist/tex/generic/bigintcalc/bigintcalc.sty))) (c:/texlive/2025/texmf-dist/tex/latex/hyperref/hluatex.def (c:/texlive/2025/texmf-dist/tex/latex/rerunfilecheck/rerunfilecheck.sty (c:/texlive/2025/texmf-dist/tex/generic/uniquecounter/uniquecounter.sty))) (c:/texlive/2025/texmf-dist/tex/luatex/luatexja/patches/lltjp-array.sty) (./out/Yanagihara_BCDR_MEGTRON6_2026.aux)
*geometry* driver: auto-detecting
*geometry* detected driver: luatex
(c:/texlive/2025/texmf-dist/tex/context/base/mkii/supp-pdf.mkii
[Loading MPS to PDF converter (version 2006.09.02).]
) (c:/texlive/2025/texmf-dist/tex/latex/epstopdf-pkg/epstopdf-base.sty (c:/texlive/2025/texmf-dist/tex/latex/latexconfig/epstopdf-sys.cfg)) (c:/texlive/2025/texmf-dist/tex/latex/translations/translations-basic-dictionary-english.trsl) (c:/texlive/2025/texmf-dist/tex/latex/lm/ot1lmr.fd) (c:/texlive/2025/texmf-dist/tex/latex/lm/omllmm.fd) (c:/texlive/2025/texmf-dist/tex/latex/lm/omslmsy.fd) (c:/texlive/2025/texmf-dist/tex/latex/lm/omxlmex.fd) [1{c:/texlive/2025/texmf-var/fonts/map/pdftex/updmap/pdftex.map}]
warning  (pdf backend): ignoring duplicate destination with the name 'page.1'
[1]
No file Yanagihara_BCDR_MEGTRON6_2026.toc.

warning  (pdf backend): ignoring duplicate destination with the name 'page.1'
[1]
第1章
[2] [3] [4]
第2章
[5] [6] [7] [8] [9]
第3章
[10] [11] [12] [13] [14]
第4章
(./svg-inkscape/S21sementsweep_svg-tex.pdf_tex) (./svg-inkscape/permittivity_svg-tex.pdf_tex) (./svg-inkscape/dielectricloss_svg-tex.pdf_tex) [15] (./svg-inkscape/conductivity_svg-tex.pdf_tex) [16<./svg-inkscape/S21sementsweep_svg-tex.pdf>] [17<./svg-inkscape/permittivity_svg-tex.pdf>] [18<./svg-inkscape/dielectricloss_svg-tex.pdf>] (./svg-inkscape/attenuation_graph_svg-tex.pdf_tex) [19<./svg-inkscape/conductivity_svg-tex.pdf>] [20<./svg-inkscape/attenuation_graph_svg-tex.pdf>]
第5章
[21] [22] [23]
第6章
[24] [25] [26]
付録A
c:/Users/kaito/TeX-Folder/SOTURON/Yanagihara_BCDR_MEGTRON6_2026.tex:756: Extra }, or forgotten $.
<template> }
            \unskip \mb@r \endtemplate 
l.756 ...k[c]{Mean\\$\varepsilon_r'\\tan\delta$} &
                                                   \shortstack[c]{Std\\$\var...
c:/Users/kaito/TeX-Folder/SOTURON/Yanagihara_BCDR_MEGTRON6_2026.tex:756: Missing $ inserted.
<inserted text> 
                $
l.756 ...k[c]{Mean\\$\varepsilon_r'\\tan\delta$} &
                                                   \shortstack[c]{Std\\$\var...
c:/Users/kaito/TeX-Folder/SOTURON/Yanagihara_BCDR_MEGTRON6_2026.tex:756: Missing } inserted.
<inserted text> 
                }
l.756 ...k[c]{Mean\\$\varepsilon_r'\\tan\delta$} &
                                                   \shortstack[c]{Std\\$\var...
c:/Users/kaito/TeX-Folder/SOTURON/Yanagihara_BCDR_MEGTRON6_2026.tex:756: Extra }, or forgotten $.
<recently read> }
                 
l.756 ...k[c]{Mean\\$\varepsilon_r'\\tan\delta$} &
                                                   \shortstack[c]{Std\\$\var...
c:/Users/kaito/TeX-Folder/SOTURON/Yanagihara_BCDR_MEGTRON6_2026.tex:756: Missing $ inserted.
<inserted text> 
                $
l.756 ...k[c]{Mean\\$\varepsilon_r'\\tan\delta$} &
                                                   \shortstack[c]{Std\\$\var...
c:/Users/kaito/TeX-Folder/SOTURON/Yanagihara_BCDR_MEGTRON6_2026.tex:756: Missing } inserted.
<inserted text> 
                }
l.756 ...k[c]{Mean\\$\varepsilon_r'\\tan\delta$} &
                                                   \shortstack[c]{Std\\$\var...
c:/Users/kaito/TeX-Folder/SOTURON/Yanagihara_BCDR_MEGTRON6_2026.tex:757: Extra }, or forgotten $.
<template> }
            \unskip \mb@r \endtemplate 
l.757 \midrule
              
c:/Users/kaito/TeX-Folder/SOTURON/Yanagihara_BCDR_MEGTRON6_2026.tex:757: Missing $ inserted.
<inserted text> 
                $
l.757 \midrule
              
c:/Users/kaito/TeX-Folder/SOTURON/Yanagihara_BCDR_MEGTRON6_2026.tex:757: Missing } inserted.
<inserted text> 
                }
l.757 \midrule
              
c:/Users/kaito/TeX-Folder/SOTURON/Yanagihara_BCDR_MEGTRON6_2026.tex:757: Extra }, or forgotten $.
<recently read> }
                 
l.757 \midrule
              
c:/Users/kaito/TeX-Folder/SOTURON/Yanagihara_BCDR_MEGTRON6_2026.tex:757: Missing $ inserted.
<inserted text> 
                $
l.757 \midrule
              
c:/Users/kaito/TeX-Folder/SOTURON/Yanagihara_BCDR_MEGTRON6_2026.tex:757: Missing } inserted.
<inserted text> 
                }
l.757 \midrule
              
c:/Users/kaito/TeX-Folder/SOTURON/Yanagihara_BCDR_MEGTRON6_2026.tex:806: Missing } inserted.
<inserted text> 
                }
l.806 ...c]{$\alpha_{c,\\mathrm{CuRho}}$\\(dB/m)}}
                                                   & \multicolumn{1}{c}{\sho...
c:/Users/kaito/TeX-Folder/SOTURON/Yanagihara_BCDR_MEGTRON6_2026.tex:806: Extra }, or forgotten $.
<template> }
            \unskip \mb@r \endtemplate 
l.806 ...c]{$\alpha_{c,\\mathrm{CuRho}}$\\(dB/m)}}
                                                   & \multicolumn{1}{c}{\sho...
c:/Users/kaito/TeX-Folder/SOTURON/Yanagihara_BCDR_MEGTRON6_2026.tex:806: Missing $ inserted.
<inserted text> 
                $
l.806 ...c]{$\alpha_{c,\\mathrm{CuRho}}$\\(dB/m)}}
                                                   & \multicolumn{1}{c}{\sho...
c:/Users/kaito/TeX-Folder/SOTURON/Yanagihara_BCDR_MEGTRON6_2026.tex:806: Missing } inserted.
<inserted text> 
                }
l.806 ...c]{$\alpha_{c,\\mathrm{CuRho}}$\\(dB/m)}}
                                                   & \multicolumn{1}{c}{\sho...
c:/Users/kaito/TeX-Folder/SOTURON/Yanagihara_BCDR_MEGTRON6_2026.tex:806: Missing $ inserted.
<inserted text> 
                $
l.806 ...c]{$\alpha_{c,\\mathrm{CuRho}}$\\(dB/m)}}
                                                   & \multicolumn{1}{c}{\sho...
c:/Users/kaito/TeX-Folder/SOTURON/Yanagihara_BCDR_MEGTRON6_2026.tex:806: Missing { inserted.
<inserted text> 
                {
l.806 ...c]{$\alpha_{c,\\mathrm{CuRho}}$\\(dB/m)}}
                                                   & \multicolumn{1}{c}{\sho...
c:/Users/kaito/TeX-Folder/SOTURON/Yanagihara_BCDR_MEGTRON6_2026.tex:806: Missing } inserted.
<inserted text> 
                }
l.806 ...k[c]{$\alpha_{\\mathrm{total}}$\\(dB/m)}}
                                                   & \multicolumn{1}{c}{\sho...
c:/Users/kaito/TeX-Folder/SOTURON/Yanagihara_BCDR_MEGTRON6_2026.tex:806: Extra }, or forgotten $.
<template> }
            \unskip \mb@r \endtemplate 
l.806 ...k[c]{$\alpha_{\\mathrm{total}}$\\(dB/m)}}
                                                   & \multicolumn{1}{c}{\sho...
c:/Users/kaito/TeX-Folder/SOTURON/Yanagihara_BCDR_MEGTRON6_2026.tex:806: Missing $ inserted.
<inserted text> 
                $
l.806 ...k[c]{$\alpha_{\\mathrm{total}}$\\(dB/m)}}
                                                   & \multicolumn{1}{c}{\sho...
c:/Users/kaito/TeX-Folder/SOTURON/Yanagihara_BCDR_MEGTRON6_2026.tex:806: Missing } inserted.
<inserted text> 
                }
l.806 ...k[c]{$\alpha_{\\mathrm{total}}$\\(dB/m)}}
                                                   & \multicolumn{1}{c}{\sho...
c:/Users/kaito/TeX-Folder/SOTURON/Yanagihara_BCDR_MEGTRON6_2026.tex:806: Missing $ inserted.
<inserted text> 
                $
l.806 ...k[c]{$\alpha_{\\mathrm{total}}$\\(dB/m)}}
                                                   & \multicolumn{1}{c}{\sho...
c:/Users/kaito/TeX-Folder/SOTURON/Yanagihara_BCDR_MEGTRON6_2026.tex:806: Missing { inserted.
<inserted text> 
                {
l.806 ...k[c]{$\alpha_{\\mathrm{total}}$\\(dB/m)}}
                                                   & \multicolumn{1}{c}{\sho...
(./out/Yanagihara_BCDR_MEGTRON6_2026.bbl [27] [28] [29]) [30] (./out/Yanagihara_BCDR_MEGTRON6_2026.aux)

LaTeX Warning: Label(s) may have changed. Rerun to get cross-references right.


Package rerunfilecheck Warning: File `Yanagihara_BCDR_MEGTRON6_2026.out' has changed.
(rerunfilecheck)                Rerun to get outlines right
(rerunfilecheck)                or use package `bookmark'.

)
(see the transcript file for additional information)
 1890 words of node memory still in use:
   11 hlist, 2 vlist, 5 rule, 2 glue, 4 kern, 1 glyph, 568 attribute, 59 glue_spec, 64 attribute_list, 2 write, 14 user_defined nodes
   avail lists: 1:17,2:64775,3:453,4:1040,5:405,6:70,7:5989,8:62,9:2545,10:44,11:285
<c:/texlive/2025/texmf-dist/fonts/opentype/public/lm/lmroman10-italic.otf>{c:/texlive/2025/texmf-dist/fonts/enc/dvips/lm/lm-mathit.enc}{c:/texlive/2025/texmf-dist/fonts/enc/dvips/lm/lm-mathsy.enc}{c:/texlive/2025/texmf-dist/fonts/enc/dvips/lm/lm-rm.enc}<c:/texlive/2025/texmf-dist/fonts/opentype/public/lm/lmroman9-regular.otf><c:/texlive/2025/texmf-dist/fonts/opentype/public/lm/lmsans10-regular.otf><c:/texlive/2025/texmf-dist/fonts/opentype/public/lm/lmroman10-bold.otf><c:/Windows/Fonts/yumindb.ttf><c:/texlive/2025/texmf-dist/fonts/opentype/public/lm/lmsans12-regular.otf>{c:/texlive/2025/texmf-dist/fonts/enc/dvips/lm/lm-mathex.enc}<c:/texlive/2025/texmf-dist/fonts/opentype/public/lm/lmsans17-regular.otf><c:/texlive/2025/texmf-dist/fonts/opentype/public/lm/lmroman8-regular.otf><c:/Windows/Fonts/YuGothR.ttc><c:/texlive/2025/texmf-dist/fonts/opentype/public/lm/lmroman12-regular.otf><c:/texlive/2025/texmf-dist/fonts/opentype/public/lm/lmroman10-regular.otf><c:/Windows/Fonts/yumin.ttf><c:/texlive/2025/texmf-dist/fonts/opentype/public/lm/lmroman17-regular.otf><c:/texlive/2025/texmf-dist/fonts/type1/public/lm/lmbsy10.pfb><c:/texlive/2025/texmf-dist/fonts/type1/public/lm/lmbx10.pfb><c:/texlive/2025/texmf-dist/fonts/type1/public/lm/lmbx7.pfb><c:/texlive/2025/texmf-dist/fonts/type1/public/lm/lmex10.pfb><c:/texlive/2025/texmf-dist/fonts/type1/public/lm/lmmi10.pfb><c:/texlive/2025/texmf-dist/fonts/type1/public/lm/lmmi5.pfb><c:/texlive/2025/texmf-dist/fonts/type1/public/lm/lmmi6.pfb><c:/texlive/2025/texmf-dist/fonts/type1/public/lm/lmmi7.pfb><c:/texlive/2025/texmf-dist/fonts/type1/public/lm/lmmi8.pfb><c:/texlive/2025/texmf-dist/fonts/type1/public/lm/lmmi9.pfb><c:/texlive/2025/texmf-dist/fonts/type1/public/lm/lmmib10.pfb><c:/texlive/2025/texmf-dist/fonts/type1/public/lm/lmr10.pfb><c:/texlive/2025/texmf-dist/fonts/type1/public/lm/lmr5.pfb><c:/texlive/2025/texmf-dist/fonts/type1/public/lm/lmr6.pfb><c:/texlive/2025/texmf-dist/fonts/type1/public/lm/lmr7.pfb><c:/texlive/2025/texmf-dist/fonts/type1/public/lm/lmr9.pfb><c:/texlive/2025/texmf-dist/fonts/type1/public/lm/lmsy10.pfb><c:/texlive/2025/texmf-dist/fonts/type1/public/lm/lmsy5.pfb><c:/texlive/2025/texmf-dist/fonts/type1/public/lm/lmsy6.pfb><c:/texlive/2025/texmf-dist/fonts/type1/public/lm/lmsy7.pfb>
Output written on Yanagihara_BCDR_MEGTRON6_2026.pdf (32 pages, 1457601 bytes).

SyncTeX written on Yanagihara_BCDR_MEGTRON6_2026.synctex.gz.
Transcript written on Yanagihara_BCDR_MEGTRON6_2026.log.
Latexmk: Getting log file 'out/Yanagihara_BCDR_MEGTRON6_2026.log'
Latexmk: Examining 'out/Yanagihara_BCDR_MEGTRON6_2026.fls'
Latexmk: Examining 'out/Yanagihara_BCDR_MEGTRON6_2026.log'
Latexmk: Missing input file 'Yanagihara_BCDR_MEGTRON6_2026.toc' message in .log file:
  No file Yanagihara_BCDR_MEGTRON6_2026.toc.
Latexmk: Found input bbl file 'out/Yanagihara_BCDR_MEGTRON6_2026.bbl'
Latexmk: References changed.
Latexmk: References changed.
Latexmk: Log file says output to 'Yanagihara_BCDR_MEGTRON6_2026.pdf'
Latexmk: Using bibtex to make bibliography file(s).
  ===Source file 'out/Yanagihara_BCDR_MEGTRON6_2026.bbl' for 'lualatex'
Create bibtex out/Yanagihara_BCDR_MEGTRON6_2026
Latexmk: Found bibliography file(s):
  ./references.bib
Latexmk: applying rule 'bibtex out/Yanagihara_BCDR_MEGTRON6_2026'...
Rule 'bibtex out/Yanagihara_BCDR_MEGTRON6_2026':  Reasons for rerun
Category 'other':
  Rerun of 'bibtex out/Yanagihara_BCDR_MEGTRON6_2026' forced or previously required:
    Reason or flag: 'Initial set up of rule'

------------
Run number 1 of rule 'bibtex out/Yanagihara_BCDR_MEGTRON6_2026'
------------
====== ENV{BIBINPUTS} changed to 'c:/Users/kaito/TeX-Folder/SOTURON;out;C:\Users\kaito\TeX-Folder\SOTURON\out;'
Latexmk: Change directory to 'out/'.
To assist finding of files in document directory, I set
  BIBINPUTS='c:/Users/kaito/TeX-Folder/SOTURON;out;C:\Users\kaito\TeX-Folder\SOTURON\out;'
  BSTINPUTS='c:/Users/kaito/TeX-Folder/SOTURON;'.
------------
Running 'upbibtex  "Yanagihara_BCDR_MEGTRON6_2026"'
------------
This is upBibTeX, Version 0.99d-j0.36-u2.00 (utf8.uptex) (TeX Live 2025)
The top-level auxiliary file: Yanagihara_BCDR_MEGTRON6_2026.aux
The style file: unsrt.bst
Database file #1: references.bib
Latexmk: Change directory back to 'c:/Users/kaito/TeX-Folder/SOTURON'
Latexmk: applying rule 'lualatex'...
Rule 'lualatex':  Reasons for rerun
Changed files or newly in use/created:
  out/Yanagihara_BCDR_MEGTRON6_2026.aux
  out/Yanagihara_BCDR_MEGTRON6_2026.toc

------------
Run number 2 of rule 'lualatex'
------------
------------
Running 'lualatex  -synctex=1 -interaction=nonstopmode -file-line-error -recorder -output-directory="out"  -synctex=1 -interaction=nonstopmode -shell-escape "c:/Users/kaito/TeX-Folder/SOTURON/Yanagihara_BCDR_MEGTRON6_2026.tex"'
------------
This is LuaHBTeX, Version 1.22.0 (TeX Live 2025) 
 system commands enabled.
(c:/Users/kaito/TeX-Folder/SOTURON/Yanagihara_BCDR_MEGTRON6_2026.tex
LaTeX2e <2025-11-01>
L3 programming layer <2025-10-24>
 (c:/texlive/2025/texmf-dist/tex/luatex/luatexja/ltjsreport.cls
Document Class: ltjsreport 2025-05-26 ltjsclasses 
(c:/texlive/2025/texmf-dist/tex/luatex/luatexja/luatexja.sty (c:/texlive/2025/texmf-dist/tex/luatex/luatexja/luatexja-core.sty (c:/texlive/2025/texmf-dist/tex/generic/infwarerr/infwarerr.sty) (c:/texlive/2025/texmf-dist/tex/luatex/luatexbase/luatexbase.sty (c:/texlive/2025/texmf-dist/tex/luatex/ctablestack/ctablestack.sty)) (c:/texlive/2025/texmf-dist/tex/generic/ltxcmds/ltxcmds.sty) (c:/texlive/2025/texmf-dist/tex/generic/pdftexcmds/pdftexcmds.sty (c:/texlive/2025/texmf-dist/tex/generic/iftex/iftex.sty)) (c:/texlive/2025/texmf-dist/tex/latex/xkeyval/xkeyval.sty (c:/texlive/2025/texmf-dist/tex/generic/xkeyval/xkeyval.tex (c:/texlive/2025/texmf-dist/tex/generic/xkeyval/xkvutils.tex (c:/texlive/2025/texmf-dist/tex/generic/xkeyval/keyval.tex)))) (c:/texlive/2025/texmf-dist/tex/latex/etoolbox/etoolbox.sty) (c:/texlive/2025/texmf-dist/tex/latex/everyhook/everyhook.sty (c:/texlive/2025/texmf-dist/tex/latex/svn-prov/svn-prov.sty)) (c:/texlive/2025/texmf-dist/tex/luatex/luatexja/ltj-base.sty) (c:/texlive/2025/texmf-dist/tex/luatex/luatexja/ltj-latex.sty (c:/texlive/2025/texmf-dist/tex/luatex/luatexja/patches/lltjfont.sty (c:/texlive/2025/texmf-dist/tex/latex/base/tuenc.def)) (c:/texlive/2025/texmf-dist/tex/luatex/luatexja/patches/lltjdefs.sty
(c:/texlive/2025/texmf-dist/tex/luatex/luatexja/jfm-ujisv.lua)
(c:/texlive/2025/texmf-dist/tex/luatex/luatexja/jfm-ujis.lua)) (c:/texlive/2025/texmf-dist/tex/luatex/luatexja/patches/lltjcore.sty (c:/texlive/2025/texmf-dist/tex/latex/l3kernel/expl3.sty (c:/texlive/2025/texmf-dist/tex/latex/l3backend/l3backend-luatex.def))) (c:/texlive/2025/texmf-dist/tex/luatex/luatexja/patches/lltjp-atbegshi.sty) (c:/texlive/2025/texmf-dist/tex/luatex/luatexja/patches/lltjp-geometry.sty (c:/texlive/2025/texmf-dist/tex/generic/iftex/ifluatex.sty)))) (c:/texlive/2025/texmf-dist/tex/luatex/luatexja/luatexja-compat.sty)) (c:/texlive/2025/texmf-dist/tex/platex/jsclasses/jslogo.sty)) (c:/texlive/2025/texmf-dist/tex/luatex/luatexja/addons/luatexja-fontspec.sty (c:/texlive/2025/texmf-dist/tex/latex/l3packages/l3keys2e/l3keys2e.sty) (c:/texlive/2025/texmf-dist/tex/latex/fontspec/fontspec.sty (c:/texlive/2025/texmf-dist/tex/latex/l3packages/xparse/xparse.sty) (c:/texlive/2025/texmf-dist/tex/latex/fontspec/fontspec-luatex.sty (c:/texlive/2025/texmf-dist/tex/latex/base/fontenc.sty) (c:/texlive/2025/texmf-dist/tex/latex/fontspec/fontspec.cfg))) (c:/texlive/2025/texmf-dist/tex/luatex/luatexja/patches/lltjp-fontspec.sty) (c:/texlive/2025/texmf-dist/tex/luatex/luatexja/addons/luatexja-fontspec-29e.sty)) (c:/texlive/2025/texmf-dist/tex/latex/lm/lmodern.sty) (c:/texlive/2025/texmf-dist/tex/latex/geometry/geometry.sty (c:/texlive/2025/texmf-dist/tex/generic/iftex/ifvtex.sty)) (c:/texlive/2025/texmf-dist/tex/latex/booktabs/booktabs.sty) (c:/texlive/2025/texmf-dist/tex/latex/float/float.sty) (c:/texlive/2025/texmf-dist/tex/latex/graphics/graphicx.sty (c:/texlive/2025/texmf-dist/tex/latex/graphics/graphics.sty (c:/texlive/2025/texmf-dist/tex/latex/graphics/trig.sty) (c:/texlive/2025/texmf-dist/tex/latex/graphics-cfg/graphics.cfg) (c:/texlive/2025/texmf-dist/tex/latex/graphics-def/luatex.def))) (c:/texlive/2025/texmf-dist/tex/latex/amsmath/amsmath.sty
For additional information on amsmath, use the `?' option.
(c:/texlive/2025/texmf-dist/tex/latex/amsmath/amstext.sty (c:/texlive/2025/texmf-dist/tex/latex/amsmath/amsgen.sty)) (c:/texlive/2025/texmf-dist/tex/latex/amsmath/amsbsy.sty) (c:/texlive/2025/texmf-dist/tex/latex/amsmath/amsopn.sty)) (c:/texlive/2025/texmf-dist/tex/latex/siunitx/siunitx.sty (c:/texlive/2025/texmf-dist/tex/latex/translations/translations.sty) (c:/texlive/2025/texmf-dist/tex/latex/tools/array.sty)) (c:/texlive/2025/texmf-dist/tex/luatex/luatexja/patches/lltjp-siunitx.sty) (c:/texlive/2025/texmf-dist/tex/latex/tools/bm.sty) (c:/texlive/2025/texmf-dist/tex/latex/url/url.sty) (c:/texlive/2025/texmf-dist/tex/latex/xurl/xurl.sty) (c:/texlive/2025/texmf-dist/tex/latex/natbib/natbib.sty) (c:/texlive/2025/texmf-dist/tex/latex/svg/svg.sty (c:/texlive/2025/texmf-dist/tex/latex/koma-script/scrbase.sty (c:/texlive/2025/texmf-dist/tex/latex/koma-script/scrlfile.sty (c:/texlive/2025/texmf-dist/tex/latex/koma-script/scrlfile-hook.sty (c:/texlive/2025/texmf-dist/tex/latex/koma-script/scrlogo.sty)))) (c:/texlive/2025/texmf-dist/tex/latex/trimspaces/trimspaces.sty) (c:/texlive/2025/texmf-dist/tex/latex/tools/shellesc.sty) (c:/texlive/2025/texmf-dist/tex/latex/ifplatform/ifplatform.sty (c:/texlive/2025/texmf-dist/tex/generic/catchfile/catchfile.sty (c:/texlive/2025/texmf-dist/tex/generic/etexcmds/etexcmds.sty)))) (c:/texlive/2025/texmf-dist/tex/latex/xcolor/xcolor.sty (c:/texlive/2025/texmf-dist/tex/latex/graphics-cfg/color.cfg) (c:/texlive/2025/texmf-dist/tex/latex/graphics/mathcolor.ltx)) (c:/texlive/2025/texmf-dist/tex/latex/transparent/transparent.sty (c:/texlive/2025/texmf-dist/tex/latex/transparent/transparent-nometadata.sty (c:/texlive/2025/texmf-dist/tex/latex/auxhook/auxhook.sty))) (c:/texlive/2025/texmf-dist/tex/latex/pgf/systemlayer/pgfsys.sty (c:/texlive/2025/texmf-dist/tex/latex/pgf/utilities/pgfrcs.sty (c:/texlive/2025/texmf-dist/tex/generic/pgf/utilities/pgfutil-common.tex) (c:/texlive/2025/texmf-dist/tex/generic/pgf/utilities/pgfutil-latex.def) (c:/texlive/2025/texmf-dist/tex/generic/pgf/utilities/pgfrcs.code.tex (c:/texlive/2025/texmf-dist/tex/generic/pgf/pgf.revision.tex))) (c:/texlive/2025/texmf-dist/tex/generic/pgf/systemlayer/pgfsys.code.tex (c:/texlive/2025/texmf-dist/tex/generic/pgf/utilities/pgfkeys.code.tex (c:/texlive/2025/texmf-dist/tex/generic/pgf/utilities/pgfkeyslibraryfiltered.code.tex)) (c:/texlive/2025/texmf-dist/tex/generic/pgf/systemlayer/pgf.cfg) (c:/texlive/2025/texmf-dist/tex/generic/pgf/systemlayer/pgfsys-luatex.def (c:/texlive/2025/texmf-dist/tex/generic/pgf/systemlayer/pgfsys-common-pdf.def))) (c:/texlive/2025/texmf-dist/tex/generic/pgf/systemlayer/pgfsyssoftpath.code.tex) (c:/texlive/2025/texmf-dist/tex/generic/pgf/systemlayer/pgfsysprotocol.code.tex)) (c:/texlive/2025/texmf-dist/tex/latex/hyperref/hyperref.sty (c:/texlive/2025/texmf-dist/tex/latex/kvsetkeys/kvsetkeys.sty) (c:/texlive/2025/texmf-dist/tex/generic/kvdefinekeys/kvdefinekeys.sty) (c:/texlive/2025/texmf-dist/tex/generic/pdfescape/pdfescape.sty) (c:/texlive/2025/texmf-dist/tex/latex/hycolor/hycolor.sty) (c:/texlive/2025/texmf-dist/tex/latex/hyperref/nameref.sty (c:/texlive/2025/texmf-dist/tex/latex/refcount/refcount.sty) (c:/texlive/2025/texmf-dist/tex/generic/gettitlestring/gettitlestring.sty (c:/texlive/2025/texmf-dist/tex/latex/kvoptions/kvoptions.sty))) (c:/texlive/2025/texmf-dist/tex/generic/stringenc/stringenc.sty) (c:/texlive/2025/texmf-dist/tex/latex/hyperref/pd1enc.def) (c:/texlive/2025/texmf-dist/tex/generic/intcalc/intcalc.sty) (c:/texlive/2025/texmf-dist/tex/latex/hyperref/puenc.def) (c:/texlive/2025/texmf-dist/tex/generic/bitset/bitset.sty (c:/texlive/2025/texmf-dist/tex/generic/bigintcalc/bigintcalc.sty))) (c:/texlive/2025/texmf-dist/tex/latex/hyperref/hluatex.def (c:/texlive/2025/texmf-dist/tex/latex/rerunfilecheck/rerunfilecheck.sty (c:/texlive/2025/texmf-dist/tex/generic/uniquecounter/uniquecounter.sty))) (c:/texlive/2025/texmf-dist/tex/luatex/luatexja/patches/lltjp-array.sty) (./out/Yanagihara_BCDR_MEGTRON6_2026.aux)
*geometry* driver: auto-detecting
*geometry* detected driver: luatex
(c:/texlive/2025/texmf-dist/tex/context/base/mkii/supp-pdf.mkii
[Loading MPS to PDF converter (version 2006.09.02).]
) (c:/texlive/2025/texmf-dist/tex/latex/epstopdf-pkg/epstopdf-base.sty (c:/texlive/2025/texmf-dist/tex/latex/latexconfig/epstopdf-sys.cfg)) (c:/texlive/2025/texmf-dist/tex/latex/translations/translations-basic-dictionary-english.trsl) (./out/Yanagihara_BCDR_MEGTRON6_2026.out) (./out/Yanagihara_BCDR_MEGTRON6_2026.out) (c:/texlive/2025/texmf-dist/tex/latex/lm/ot1lmr.fd) (c:/texlive/2025/texmf-dist/tex/latex/lm/omllmm.fd) (c:/texlive/2025/texmf-dist/tex/latex/lm/omslmsy.fd) (c:/texlive/2025/texmf-dist/tex/latex/lm/omxlmex.fd) [1{c:/texlive/2025/texmf-var/fonts/map/pdftex/updmap/pdftex.map}]
warning  (pdf backend): ignoring duplicate destination with the name 'page.1'
[1] (./out/Yanagihara_BCDR_MEGTRON6_2026.toc
warning  (pdf backend): ignoring duplicate destination with the name 'page.1'
[1]) [2]
第1章
[3] [4] [5]
第2章
[6] [7] [8] [9] [10]
第3章
[11] [12] [13] [14] [15]
第4章
(./svg-inkscape/S21sementsweep_svg-tex.pdf_tex) (./svg-inkscape/permittivity_svg-tex.pdf_tex) (./svg-inkscape/dielectricloss_svg-tex.pdf_tex) [16] (./svg-inkscape/conductivity_svg-tex.pdf_tex) [17<./svg-inkscape/S21sementsweep_svg-tex.pdf>] [18<./svg-inkscape/permittivity_svg-tex.pdf>] [19<./svg-inkscape/dielectricloss_svg-tex.pdf>] (./svg-inkscape/attenuation_graph_svg-tex.pdf_tex) [20<./svg-inkscape/conductivity_svg-tex.pdf>] [21<./svg-inkscape/attenuation_graph_svg-tex.pdf>]
第5章
[22] [23] [24]
第6章
[25] [26] [27]
付録A
c:/Users/kaito/TeX-Folder/SOTURON/Yanagihara_BCDR_MEGTRON6_2026.tex:756: Extra }, or forgotten $.
<template> }
            \unskip \mb@r \endtemplate 
l.756 ...k[c]{Mean\\$\varepsilon_r'\\tan\delta$} &
                                                   \shortstack[c]{Std\\$\var...
c:/Users/kaito/TeX-Folder/SOTURON/Yanagihara_BCDR_MEGTRON6_2026.tex:756: Missing $ inserted.
<inserted text> 
                $
l.756 ...k[c]{Mean\\$\varepsilon_r'\\tan\delta$} &
                                                   \shortstack[c]{Std\\$\var...
c:/Users/kaito/TeX-Folder/SOTURON/Yanagihara_BCDR_MEGTRON6_2026.tex:756: Missing } inserted.
<inserted text> 
                }
l.756 ...k[c]{Mean\\$\varepsilon_r'\\tan\delta$} &
                                                   \shortstack[c]{Std\\$\var...
c:/Users/kaito/TeX-Folder/SOTURON/Yanagihara_BCDR_MEGTRON6_2026.tex:756: Extra }, or forgotten $.
<recently read> }
                 
l.756 ...k[c]{Mean\\$\varepsilon_r'\\tan\delta$} &
                                                   \shortstack[c]{Std\\$\var...
c:/Users/kaito/TeX-Folder/SOTURON/Yanagihara_BCDR_MEGTRON6_2026.tex:756: Missing $ inserted.
<inserted text> 
                $
l.756 ...k[c]{Mean\\$\varepsilon_r'\\tan\delta$} &
                                                   \shortstack[c]{Std\\$\var...
c:/Users/kaito/TeX-Folder/SOTURON/Yanagihara_BCDR_MEGTRON6_2026.tex:756: Missing } inserted.
<inserted text> 
                }
l.756 ...k[c]{Mean\\$\varepsilon_r'\\tan\delta$} &
                                                   \shortstack[c]{Std\\$\var...
c:/Users/kaito/TeX-Folder/SOTURON/Yanagihara_BCDR_MEGTRON6_2026.tex:757: Extra }, or forgotten $.
<template> }
            \unskip \mb@r \endtemplate 
l.757 \midrule
              
c:/Users/kaito/TeX-Folder/SOTURON/Yanagihara_BCDR_MEGTRON6_2026.tex:757: Missing $ inserted.
<inserted text> 
                $
l.757 \midrule
              
c:/Users/kaito/TeX-Folder/SOTURON/Yanagihara_BCDR_MEGTRON6_2026.tex:757: Missing } inserted.
<inserted text> 
                }
l.757 \midrule
              
c:/Users/kaito/TeX-Folder/SOTURON/Yanagihara_BCDR_MEGTRON6_2026.tex:757: Extra }, or forgotten $.
<recently read> }
                 
l.757 \midrule
              
c:/Users/kaito/TeX-Folder/SOTURON/Yanagihara_BCDR_MEGTRON6_2026.tex:757: Missing $ inserted.
<inserted text> 
                $
l.757 \midrule
              
c:/Users/kaito/TeX-Folder/SOTURON/Yanagihara_BCDR_MEGTRON6_2026.tex:757: Missing } inserted.
<inserted text> 
                }
l.757 \midrule
              
c:/Users/kaito/TeX-Folder/SOTURON/Yanagihara_BCDR_MEGTRON6_2026.tex:806: Missing } inserted.
<inserted text> 
                }
l.806 ...c]{$\alpha_{c,\\mathrm{CuRho}}$\\(dB/m)}}
                                                   & \multicolumn{1}{c}{\sho...
c:/Users/kaito/TeX-Folder/SOTURON/Yanagihara_BCDR_MEGTRON6_2026.tex:806: Extra }, or forgotten $.
<template> }
            \unskip \mb@r \endtemplate 
l.806 ...c]{$\alpha_{c,\\mathrm{CuRho}}$\\(dB/m)}}
                                                   & \multicolumn{1}{c}{\sho...
c:/Users/kaito/TeX-Folder/SOTURON/Yanagihara_BCDR_MEGTRON6_2026.tex:806: Missing $ inserted.
<inserted text> 
                $
l.806 ...c]{$\alpha_{c,\\mathrm{CuRho}}$\\(dB/m)}}
                                                   & \multicolumn{1}{c}{\sho...
c:/Users/kaito/TeX-Folder/SOTURON/Yanagihara_BCDR_MEGTRON6_2026.tex:806: Missing } inserted.
<inserted text> 
                }
l.806 ...c]{$\alpha_{c,\\mathrm{CuRho}}$\\(dB/m)}}
                                                   & \multicolumn{1}{c}{\sho...
c:/Users/kaito/TeX-Folder/SOTURON/Yanagihara_BCDR_MEGTRON6_2026.tex:806: Missing $ inserted.
<inserted text> 
                $
l.806 ...c]{$\alpha_{c,\\mathrm{CuRho}}$\\(dB/m)}}
                                                   & \multicolumn{1}{c}{\sho...
c:/Users/kaito/TeX-Folder/SOTURON/Yanagihara_BCDR_MEGTRON6_2026.tex:806: Missing { inserted.
<inserted text> 
                {
l.806 ...c]{$\alpha_{c,\\mathrm{CuRho}}$\\(dB/m)}}
                                                   & \multicolumn{1}{c}{\sho...
c:/Users/kaito/TeX-Folder/SOTURON/Yanagihara_BCDR_MEGTRON6_2026.tex:806: Missing } inserted.
<inserted text> 
                }
l.806 ...k[c]{$\alpha_{\\mathrm{total}}$\\(dB/m)}}
                                                   & \multicolumn{1}{c}{\sho...
c:/Users/kaito/TeX-Folder/SOTURON/Yanagihara_BCDR_MEGTRON6_2026.tex:806: Extra }, or forgotten $.
<template> }
            \unskip \mb@r \endtemplate 
l.806 ...k[c]{$\alpha_{\\mathrm{total}}$\\(dB/m)}}
                                                   & \multicolumn{1}{c}{\sho...
c:/Users/kaito/TeX-Folder/SOTURON/Yanagihara_BCDR_MEGTRON6_2026.tex:806: Missing $ inserted.
<inserted text> 
                $
l.806 ...k[c]{$\alpha_{\\mathrm{total}}$\\(dB/m)}}
                                                   & \multicolumn{1}{c}{\sho...
c:/Users/kaito/TeX-Folder/SOTURON/Yanagihara_BCDR_MEGTRON6_2026.tex:806: Missing } inserted.
<inserted text> 
                }
l.806 ...k[c]{$\alpha_{\\mathrm{total}}$\\(dB/m)}}
                                                   & \multicolumn{1}{c}{\sho...
c:/Users/kaito/TeX-Folder/SOTURON/Yanagihara_BCDR_MEGTRON6_2026.tex:806: Missing $ inserted.
<inserted text> 
                $
l.806 ...k[c]{$\alpha_{\\mathrm{total}}$\\(dB/m)}}
                                                   & \multicolumn{1}{c}{\sho...
c:/Users/kaito/TeX-Folder/SOTURON/Yanagihara_BCDR_MEGTRON6_2026.tex:806: Missing { inserted.
<inserted text> 
                {
l.806 ...k[c]{$\alpha_{\\mathrm{total}}$\\(dB/m)}}
                                                   & \multicolumn{1}{c}{\sho...
(./out/Yanagihara_BCDR_MEGTRON6_2026.bbl [28] [29] [30]) [31] (./out/Yanagihara_BCDR_MEGTRON6_2026.aux)

LaTeX Warning: Label(s) may have changed. Rerun to get cross-references right.

)
(see the transcript file for additional information)
 1890 words of node memory still in use:
   11 hlist, 2 vlist, 5 rule, 2 glue, 4 kern, 1 glyph, 568 attribute, 59 glue_spec, 64 attribute_list, 2 write, 14 user_defined nodes
   avail lists: 1:21,2:64775,3:453,4:1040,5:405,6:92,7:5989,8:62,9:2545,10:44,11:285
<c:/texlive/2025/texmf-dist/fonts/opentype/public/lm/lmroman10-italic.otf>{c:/texlive/2025/texmf-dist/fonts/enc/dvips/lm/lm-mathit.enc}{c:/texlive/2025/texmf-dist/fonts/enc/dvips/lm/lm-mathsy.enc}{c:/texlive/2025/texmf-dist/fonts/enc/dvips/lm/lm-rm.enc}<c:/texlive/2025/texmf-dist/fonts/opentype/public/lm/lmroman9-regular.otf><c:/texlive/2025/texmf-dist/fonts/opentype/public/lm/lmroman10-bold.otf><c:/Windows/Fonts/yumindb.ttf><c:/texlive/2025/texmf-dist/fonts/opentype/public/lm/lmsans12-regular.otf>{c:/texlive/2025/texmf-dist/fonts/enc/dvips/lm/lm-mathex.enc}<c:/texlive/2025/texmf-dist/fonts/opentype/public/lm/lmsans17-regular.otf><c:/texlive/2025/texmf-dist/fonts/opentype/public/lm/lmsans10-regular.otf><c:/texlive/2025/texmf-dist/fonts/opentype/public/lm/lmroman8-regular.otf><c:/Windows/Fonts/YuGothR.ttc><c:/texlive/2025/texmf-dist/fonts/opentype/public/lm/lmroman12-regular.otf><c:/texlive/2025/texmf-dist/fonts/opentype/public/lm/lmroman10-regular.otf><c:/Windows/Fonts/yumin.ttf><c:/texlive/2025/texmf-dist/fonts/opentype/public/lm/lmroman17-regular.otf><c:/texlive/2025/texmf-dist/fonts/type1/public/lm/lmbsy10.pfb><c:/texlive/2025/texmf-dist/fonts/type1/public/lm/lmbx10.pfb><c:/texlive/2025/texmf-dist/fonts/type1/public/lm/lmbx7.pfb><c:/texlive/2025/texmf-dist/fonts/type1/public/lm/lmex10.pfb><c:/texlive/2025/texmf-dist/fonts/type1/public/lm/lmmi10.pfb><c:/texlive/2025/texmf-dist/fonts/type1/public/lm/lmmi5.pfb><c:/texlive/2025/texmf-dist/fonts/type1/public/lm/lmmi6.pfb><c:/texlive/2025/texmf-dist/fonts/type1/public/lm/lmmi7.pfb><c:/texlive/2025/texmf-dist/fonts/type1/public/lm/lmmi8.pfb><c:/texlive/2025/texmf-dist/fonts/type1/public/lm/lmmi9.pfb><c:/texlive/2025/texmf-dist/fonts/type1/public/lm/lmmib10.pfb><c:/texlive/2025/texmf-dist/fonts/type1/public/lm/lmr10.pfb><c:/texlive/2025/texmf-dist/fonts/type1/public/lm/lmr5.pfb><c:/texlive/2025/texmf-dist/fonts/type1/public/lm/lmr6.pfb><c:/texlive/2025/texmf-dist/fonts/type1/public/lm/lmr7.pfb><c:/texlive/2025/texmf-dist/fonts/type1/public/lm/lmr9.pfb><c:/texlive/2025/texmf-dist/fonts/type1/public/lm/lmsy10.pfb><c:/texlive/2025/texmf-dist/fonts/type1/public/lm/lmsy5.pfb><c:/texlive/2025/texmf-dist/fonts/type1/public/lm/lmsy6.pfb><c:/texlive/2025/texmf-dist/fonts/type1/public/lm/lmsy7.pfb>
Output written on Yanagihara_BCDR_MEGTRON6_2026.pdf (33 pages, 1463830 bytes).

SyncTeX written on Yanagihara_BCDR_MEGTRON6_2026.synctex.gz.
Transcript written on Yanagihara_BCDR_MEGTRON6_2026.log.
Latexmk: Getting log file 'out/Yanagihara_BCDR_MEGTRON6_2026.log'
Latexmk: Examining 'out/Yanagihara_BCDR_MEGTRON6_2026.fls'
Latexmk: Examining 'out/Yanagihara_BCDR_MEGTRON6_2026.log'
Latexmk: Found input bbl file 'out/Yanagihara_BCDR_MEGTRON6_2026.bbl'
Latexmk: References changed.
Latexmk: Log file says output to 'Yanagihara_BCDR_MEGTRON6_2026.pdf'
Latexmk: Using bibtex to make bibliography file(s).
  ===Source file 'out/Yanagihara_BCDR_MEGTRON6_2026.bbl' for 'lualatex'
Latexmk: Found bibliography file(s):
  ./references.bib
Latexmk: applying rule 'bibtex out/Yanagihara_BCDR_MEGTRON6_2026'...
Rule 'bibtex out/Yanagihara_BCDR_MEGTRON6_2026':  Reasons for rerun
Changed files or newly in use/created:
  out/Yanagihara_BCDR_MEGTRON6_2026.aux

------------
Run number 2 of rule 'bibtex out/Yanagihara_BCDR_MEGTRON6_2026'
------------
====== ENV{BIBINPUTS} changed to 'c:/Users/kaito/TeX-Folder/SOTURON;out;C:\Users\kaito\TeX-Folder\SOTURON\out;'
Latexmk: Change directory to 'out/'.
To assist finding of files in document directory, I set
  BIBINPUTS='c:/Users/kaito/TeX-Folder/SOTURON;out;C:\Users\kaito\TeX-Folder\SOTURON\out;'
  BSTINPUTS='c:/Users/kaito/TeX-Folder/SOTURON;'.
------------
Running 'upbibtex  "Yanagihara_BCDR_MEGTRON6_2026"'
------------
This is upBibTeX, Version 0.99d-j0.36-u2.00 (utf8.uptex) (TeX Live 2025)
The top-level auxiliary file: Yanagihara_BCDR_MEGTRON6_2026.aux
The style file: unsrt.bst
Database file #1: references.bib
Latexmk: Change directory back to 'c:/Users/kaito/TeX-Folder/SOTURON'
Latexmk: applying rule 'lualatex'...
Rule 'lualatex':  Reasons for rerun
Changed files or newly in use/created:
  out/Yanagihara_BCDR_MEGTRON6_2026.aux
  out/Yanagihara_BCDR_MEGTRON6_2026.out
  out/Yanagihara_BCDR_MEGTRON6_2026.toc

------------
Run number 3 of rule 'lualatex'
------------
------------
Running 'lualatex  -synctex=1 -interaction=nonstopmode -file-line-error -recorder -output-directory="out"  -synctex=1 -interaction=nonstopmode -shell-escape "c:/Users/kaito/TeX-Folder/SOTURON/Yanagihara_BCDR_MEGTRON6_2026.tex"'
------------
This is LuaHBTeX, Version 1.22.0 (TeX Live 2025) 
 system commands enabled.
(c:/Users/kaito/TeX-Folder/SOTURON/Yanagihara_BCDR_MEGTRON6_2026.tex
LaTeX2e <2025-11-01>
L3 programming layer <2025-10-24>
 (c:/texlive/2025/texmf-dist/tex/luatex/luatexja/ltjsreport.cls
Document Class: ltjsreport 2025-05-26 ltjsclasses 
(c:/texlive/2025/texmf-dist/tex/luatex/luatexja/luatexja.sty (c:/texlive/2025/texmf-dist/tex/luatex/luatexja/luatexja-core.sty (c:/texlive/2025/texmf-dist/tex/generic/infwarerr/infwarerr.sty) (c:/texlive/2025/texmf-dist/tex/luatex/luatexbase/luatexbase.sty (c:/texlive/2025/texmf-dist/tex/luatex/ctablestack/ctablestack.sty)) (c:/texlive/2025/texmf-dist/tex/generic/ltxcmds/ltxcmds.sty) (c:/texlive/2025/texmf-dist/tex/generic/pdftexcmds/pdftexcmds.sty (c:/texlive/2025/texmf-dist/tex/generic/iftex/iftex.sty)) (c:/texlive/2025/texmf-dist/tex/latex/xkeyval/xkeyval.sty (c:/texlive/2025/texmf-dist/tex/generic/xkeyval/xkeyval.tex (c:/texlive/2025/texmf-dist/tex/generic/xkeyval/xkvutils.tex (c:/texlive/2025/texmf-dist/tex/generic/xkeyval/keyval.tex)))) (c:/texlive/2025/texmf-dist/tex/latex/etoolbox/etoolbox.sty) (c:/texlive/2025/texmf-dist/tex/latex/everyhook/everyhook.sty (c:/texlive/2025/texmf-dist/tex/latex/svn-prov/svn-prov.sty)) (c:/texlive/2025/texmf-dist/tex/luatex/luatexja/ltj-base.sty) (c:/texlive/2025/texmf-dist/tex/luatex/luatexja/ltj-latex.sty (c:/texlive/2025/texmf-dist/tex/luatex/luatexja/patches/lltjfont.sty (c:/texlive/2025/texmf-dist/tex/latex/base/tuenc.def)) (c:/texlive/2025/texmf-dist/tex/luatex/luatexja/patches/lltjdefs.sty
(c:/texlive/2025/texmf-dist/tex/luatex/luatexja/jfm-ujisv.lua)
(c:/texlive/2025/texmf-dist/tex/luatex/luatexja/jfm-ujis.lua)) (c:/texlive/2025/texmf-dist/tex/luatex/luatexja/patches/lltjcore.sty (c:/texlive/2025/texmf-dist/tex/latex/l3kernel/expl3.sty (c:/texlive/2025/texmf-dist/tex/latex/l3backend/l3backend-luatex.def))) (c:/texlive/2025/texmf-dist/tex/luatex/luatexja/patches/lltjp-atbegshi.sty) (c:/texlive/2025/texmf-dist/tex/luatex/luatexja/patches/lltjp-geometry.sty (c:/texlive/2025/texmf-dist/tex/generic/iftex/ifluatex.sty)))) (c:/texlive/2025/texmf-dist/tex/luatex/luatexja/luatexja-compat.sty)) (c:/texlive/2025/texmf-dist/tex/platex/jsclasses/jslogo.sty)) (c:/texlive/2025/texmf-dist/tex/luatex/luatexja/addons/luatexja-fontspec.sty (c:/texlive/2025/texmf-dist/tex/latex/l3packages/l3keys2e/l3keys2e.sty) (c:/texlive/2025/texmf-dist/tex/latex/fontspec/fontspec.sty (c:/texlive/2025/texmf-dist/tex/latex/l3packages/xparse/xparse.sty) (c:/texlive/2025/texmf-dist/tex/latex/fontspec/fontspec-luatex.sty (c:/texlive/2025/texmf-dist/tex/latex/base/fontenc.sty) (c:/texlive/2025/texmf-dist/tex/latex/fontspec/fontspec.cfg))) (c:/texlive/2025/texmf-dist/tex/luatex/luatexja/patches/lltjp-fontspec.sty) (c:/texlive/2025/texmf-dist/tex/luatex/luatexja/addons/luatexja-fontspec-29e.sty)) (c:/texlive/2025/texmf-dist/tex/latex/lm/lmodern.sty) (c:/texlive/2025/texmf-dist/tex/latex/geometry/geometry.sty (c:/texlive/2025/texmf-dist/tex/generic/iftex/ifvtex.sty)) (c:/texlive/2025/texmf-dist/tex/latex/booktabs/booktabs.sty) (c:/texlive/2025/texmf-dist/tex/latex/float/float.sty) (c:/texlive/2025/texmf-dist/tex/latex/graphics/graphicx.sty (c:/texlive/2025/texmf-dist/tex/latex/graphics/graphics.sty (c:/texlive/2025/texmf-dist/tex/latex/graphics/trig.sty) (c:/texlive/2025/texmf-dist/tex/latex/graphics-cfg/graphics.cfg) (c:/texlive/2025/texmf-dist/tex/latex/graphics-def/luatex.def))) (c:/texlive/2025/texmf-dist/tex/latex/amsmath/amsmath.sty
For additional information on amsmath, use the `?' option.
(c:/texlive/2025/texmf-dist/tex/latex/amsmath/amstext.sty (c:/texlive/2025/texmf-dist/tex/latex/amsmath/amsgen.sty)) (c:/texlive/2025/texmf-dist/tex/latex/amsmath/amsbsy.sty) (c:/texlive/2025/texmf-dist/tex/latex/amsmath/amsopn.sty)) (c:/texlive/2025/texmf-dist/tex/latex/siunitx/siunitx.sty (c:/texlive/2025/texmf-dist/tex/latex/translations/translations.sty) (c:/texlive/2025/texmf-dist/tex/latex/tools/array.sty)) (c:/texlive/2025/texmf-dist/tex/luatex/luatexja/patches/lltjp-siunitx.sty) (c:/texlive/2025/texmf-dist/tex/latex/tools/bm.sty) (c:/texlive/2025/texmf-dist/tex/latex/url/url.sty) (c:/texlive/2025/texmf-dist/tex/latex/xurl/xurl.sty) (c:/texlive/2025/texmf-dist/tex/latex/natbib/natbib.sty) (c:/texlive/2025/texmf-dist/tex/latex/svg/svg.sty (c:/texlive/2025/texmf-dist/tex/latex/koma-script/scrbase.sty (c:/texlive/2025/texmf-dist/tex/latex/koma-script/scrlfile.sty (c:/texlive/2025/texmf-dist/tex/latex/koma-script/scrlfile-hook.sty (c:/texlive/2025/texmf-dist/tex/latex/koma-script/scrlogo.sty)))) (c:/texlive/2025/texmf-dist/tex/latex/trimspaces/trimspaces.sty) (c:/texlive/2025/texmf-dist/tex/latex/tools/shellesc.sty) (c:/texlive/2025/texmf-dist/tex/latex/ifplatform/ifplatform.sty (c:/texlive/2025/texmf-dist/tex/generic/catchfile/catchfile.sty (c:/texlive/2025/texmf-dist/tex/generic/etexcmds/etexcmds.sty)))) (c:/texlive/2025/texmf-dist/tex/latex/xcolor/xcolor.sty (c:/texlive/2025/texmf-dist/tex/latex/graphics-cfg/color.cfg) (c:/texlive/2025/texmf-dist/tex/latex/graphics/mathcolor.ltx)) (c:/texlive/2025/texmf-dist/tex/latex/transparent/transparent.sty (c:/texlive/2025/texmf-dist/tex/latex/transparent/transparent-nometadata.sty (c:/texlive/2025/texmf-dist/tex/latex/auxhook/auxhook.sty))) (c:/texlive/2025/texmf-dist/tex/latex/pgf/systemlayer/pgfsys.sty (c:/texlive/2025/texmf-dist/tex/latex/pgf/utilities/pgfrcs.sty (c:/texlive/2025/texmf-dist/tex/generic/pgf/utilities/pgfutil-common.tex) (c:/texlive/2025/texmf-dist/tex/generic/pgf/utilities/pgfutil-latex.def) (c:/texlive/2025/texmf-dist/tex/generic/pgf/utilities/pgfrcs.code.tex (c:/texlive/2025/texmf-dist/tex/generic/pgf/pgf.revision.tex))) (c:/texlive/2025/texmf-dist/tex/generic/pgf/systemlayer/pgfsys.code.tex (c:/texlive/2025/texmf-dist/tex/generic/pgf/utilities/pgfkeys.code.tex (c:/texlive/2025/texmf-dist/tex/generic/pgf/utilities/pgfkeyslibraryfiltered.code.tex)) (c:/texlive/2025/texmf-dist/tex/generic/pgf/systemlayer/pgf.cfg) (c:/texlive/2025/texmf-dist/tex/generic/pgf/systemlayer/pgfsys-luatex.def (c:/texlive/2025/texmf-dist/tex/generic/pgf/systemlayer/pgfsys-common-pdf.def))) (c:/texlive/2025/texmf-dist/tex/generic/pgf/systemlayer/pgfsyssoftpath.code.tex) (c:/texlive/2025/texmf-dist/tex/generic/pgf/systemlayer/pgfsysprotocol.code.tex)) (c:/texlive/2025/texmf-dist/tex/latex/hyperref/hyperref.sty (c:/texlive/2025/texmf-dist/tex/latex/kvsetkeys/kvsetkeys.sty) (c:/texlive/2025/texmf-dist/tex/generic/kvdefinekeys/kvdefinekeys.sty) (c:/texlive/2025/texmf-dist/tex/generic/pdfescape/pdfescape.sty) (c:/texlive/2025/texmf-dist/tex/latex/hycolor/hycolor.sty) (c:/texlive/2025/texmf-dist/tex/latex/hyperref/nameref.sty (c:/texlive/2025/texmf-dist/tex/latex/refcount/refcount.sty) (c:/texlive/2025/texmf-dist/tex/generic/gettitlestring/gettitlestring.sty (c:/texlive/2025/texmf-dist/tex/latex/kvoptions/kvoptions.sty))) (c:/texlive/2025/texmf-dist/tex/generic/stringenc/stringenc.sty) (c:/texlive/2025/texmf-dist/tex/latex/hyperref/pd1enc.def) (c:/texlive/2025/texmf-dist/tex/generic/intcalc/intcalc.sty) (c:/texlive/2025/texmf-dist/tex/latex/hyperref/puenc.def) (c:/texlive/2025/texmf-dist/tex/generic/bitset/bitset.sty (c:/texlive/2025/texmf-dist/tex/generic/bigintcalc/bigintcalc.sty))) (c:/texlive/2025/texmf-dist/tex/latex/hyperref/hluatex.def (c:/texlive/2025/texmf-dist/tex/latex/rerunfilecheck/rerunfilecheck.sty (c:/texlive/2025/texmf-dist/tex/generic/uniquecounter/uniquecounter.sty))) (c:/texlive/2025/texmf-dist/tex/luatex/luatexja/patches/lltjp-array.sty) (./out/Yanagihara_BCDR_MEGTRON6_2026.aux)
*geometry* driver: auto-detecting
*geometry* detected driver: luatex
(c:/texlive/2025/texmf-dist/tex/context/base/mkii/supp-pdf.mkii
[Loading MPS to PDF converter (version 2006.09.02).]
) (c:/texlive/2025/texmf-dist/tex/latex/epstopdf-pkg/epstopdf-base.sty (c:/texlive/2025/texmf-dist/tex/latex/latexconfig/epstopdf-sys.cfg)) (c:/texlive/2025/texmf-dist/tex/latex/translations/translations-basic-dictionary-english.trsl) (./out/Yanagihara_BCDR_MEGTRON6_2026.out) (./out/Yanagihara_BCDR_MEGTRON6_2026.out) (c:/texlive/2025/texmf-dist/tex/latex/lm/ot1lmr.fd) (c:/texlive/2025/texmf-dist/tex/latex/lm/omllmm.fd) (c:/texlive/2025/texmf-dist/tex/latex/lm/omslmsy.fd) (c:/texlive/2025/texmf-dist/tex/latex/lm/omxlmex.fd) [1{c:/texlive/2025/texmf-var/fonts/map/pdftex/updmap/pdftex.map}]
warning  (pdf backend): ignoring duplicate destination with the name 'page.1'
[1] (./out/Yanagihara_BCDR_MEGTRON6_2026.toc
warning  (pdf backend): ignoring duplicate destination with the name 'page.1'
[1]) [2]
第1章
[3] [4] [5]
第2章
[6] [7] [8] [9] [10]
第3章
[11] [12] [13] [14] [15]
第4章
(./svg-inkscape/S21sementsweep_svg-tex.pdf_tex) (./svg-inkscape/permittivity_svg-tex.pdf_tex) (./svg-inkscape/dielectricloss_svg-tex.pdf_tex) [16] (./svg-inkscape/conductivity_svg-tex.pdf_tex) [17<./svg-inkscape/S21sementsweep_svg-tex.pdf>] [18<./svg-inkscape/permittivity_svg-tex.pdf>] [19<./svg-inkscape/dielectricloss_svg-tex.pdf>] (./svg-inkscape/attenuation_graph_svg-tex.pdf_tex) [20<./svg-inkscape/conductivity_svg-tex.pdf>] [21<./svg-inkscape/attenuation_graph_svg-tex.pdf>]
第5章
[22] [23] [24]
第6章
[25] [26] [27]
付録A
c:/Users/kaito/TeX-Folder/SOTURON/Yanagihara_BCDR_MEGTRON6_2026.tex:756: Extra }, or forgotten $.
<template> }
            \unskip \mb@r \endtemplate 
l.756 ...k[c]{Mean\\$\varepsilon_r'\\tan\delta$} &
                                                   \shortstack[c]{Std\\$\var...
c:/Users/kaito/TeX-Folder/SOTURON/Yanagihara_BCDR_MEGTRON6_2026.tex:756: Missing $ inserted.
<inserted text> 
                $
l.756 ...k[c]{Mean\\$\varepsilon_r'\\tan\delta$} &
                                                   \shortstack[c]{Std\\$\var...
c:/Users/kaito/TeX-Folder/SOTURON/Yanagihara_BCDR_MEGTRON6_2026.tex:756: Missing } inserted.
<inserted text> 
                }
l.756 ...k[c]{Mean\\$\varepsilon_r'\\tan\delta$} &
                                                   \shortstack[c]{Std\\$\var...
c:/Users/kaito/TeX-Folder/SOTURON/Yanagihara_BCDR_MEGTRON6_2026.tex:756: Extra }, or forgotten $.
<recently read> }
                 
l.756 ...k[c]{Mean\\$\varepsilon_r'\\tan\delta$} &
                                                   \shortstack[c]{Std\\$\var...
c:/Users/kaito/TeX-Folder/SOTURON/Yanagihara_BCDR_MEGTRON6_2026.tex:756: Missing $ inserted.
<inserted text> 
                $
l.756 ...k[c]{Mean\\$\varepsilon_r'\\tan\delta$} &
                                                   \shortstack[c]{Std\\$\var...
c:/Users/kaito/TeX-Folder/SOTURON/Yanagihara_BCDR_MEGTRON6_2026.tex:756: Missing } inserted.
<inserted text> 
                }
l.756 ...k[c]{Mean\\$\varepsilon_r'\\tan\delta$} &
                                                   \shortstack[c]{Std\\$\var...
c:/Users/kaito/TeX-Folder/SOTURON/Yanagihara_BCDR_MEGTRON6_2026.tex:757: Extra }, or forgotten $.
<template> }
            \unskip \mb@r \endtemplate 
l.757 \midrule
              
c:/Users/kaito/TeX-Folder/SOTURON/Yanagihara_BCDR_MEGTRON6_2026.tex:757: Missing $ inserted.
<inserted text> 
                $
l.757 \midrule
              
c:/Users/kaito/TeX-Folder/SOTURON/Yanagihara_BCDR_MEGTRON6_2026.tex:757: Missing } inserted.
<inserted text> 
                }
l.757 \midrule
              
c:/Users/kaito/TeX-Folder/SOTURON/Yanagihara_BCDR_MEGTRON6_2026.tex:757: Extra }, or forgotten $.
<recently read> }
                 
l.757 \midrule
              
c:/Users/kaito/TeX-Folder/SOTURON/Yanagihara_BCDR_MEGTRON6_2026.tex:757: Missing $ inserted.
<inserted text> 
                $
l.757 \midrule
              
c:/Users/kaito/TeX-Folder/SOTURON/Yanagihara_BCDR_MEGTRON6_2026.tex:757: Missing } inserted.
<inserted text> 
                }
l.757 \midrule
              
c:/Users/kaito/TeX-Folder/SOTURON/Yanagihara_BCDR_MEGTRON6_2026.tex:806: Missing } inserted.
<inserted text> 
                }
l.806 ...c]{$\alpha_{c,\\mathrm{CuRho}}$\\(dB/m)}}
                                                   & \multicolumn{1}{c}{\sho...
c:/Users/kaito/TeX-Folder/SOTURON/Yanagihara_BCDR_MEGTRON6_2026.tex:806: Extra }, or forgotten $.
<template> }
            \unskip \mb@r \endtemplate 
l.806 ...c]{$\alpha_{c,\\mathrm{CuRho}}$\\(dB/m)}}
                                                   & \multicolumn{1}{c}{\sho...
c:/Users/kaito/TeX-Folder/SOTURON/Yanagihara_BCDR_MEGTRON6_2026.tex:806: Missing $ inserted.
<inserted text> 
                $
l.806 ...c]{$\alpha_{c,\\mathrm{CuRho}}$\\(dB/m)}}
                                                   & \multicolumn{1}{c}{\sho...
c:/Users/kaito/TeX-Folder/SOTURON/Yanagihara_BCDR_MEGTRON6_2026.tex:806: Missing } inserted.
<inserted text> 
                }
l.806 ...c]{$\alpha_{c,\\mathrm{CuRho}}$\\(dB/m)}}
                                                   & \multicolumn{1}{c}{\sho...
c:/Users/kaito/TeX-Folder/SOTURON/Yanagihara_BCDR_MEGTRON6_2026.tex:806: Missing $ inserted.
<inserted text> 
                $
l.806 ...c]{$\alpha_{c,\\mathrm{CuRho}}$\\(dB/m)}}
                                                   & \multicolumn{1}{c}{\sho...
c:/Users/kaito/TeX-Folder/SOTURON/Yanagihara_BCDR_MEGTRON6_2026.tex:806: Missing { inserted.
<inserted text> 
                {
l.806 ...c]{$\alpha_{c,\\mathrm{CuRho}}$\\(dB/m)}}
                                                   & \multicolumn{1}{c}{\sho...
c:/Users/kaito/TeX-Folder/SOTURON/Yanagihara_BCDR_MEGTRON6_2026.tex:806: Missing } inserted.
<inserted text> 
                }
l.806 ...k[c]{$\alpha_{\\mathrm{total}}$\\(dB/m)}}
                                                   & \multicolumn{1}{c}{\sho...
c:/Users/kaito/TeX-Folder/SOTURON/Yanagihara_BCDR_MEGTRON6_2026.tex:806: Extra }, or forgotten $.
<template> }
            \unskip \mb@r \endtemplate 
l.806 ...k[c]{$\alpha_{\\mathrm{total}}$\\(dB/m)}}
                                                   & \multicolumn{1}{c}{\sho...
c:/Users/kaito/TeX-Folder/SOTURON/Yanagihara_BCDR_MEGTRON6_2026.tex:806: Missing $ inserted.
<inserted text> 
                $
l.806 ...k[c]{$\alpha_{\\mathrm{total}}$\\(dB/m)}}
                                                   & \multicolumn{1}{c}{\sho...
c:/Users/kaito/TeX-Folder/SOTURON/Yanagihara_BCDR_MEGTRON6_2026.tex:806: Missing } inserted.
<inserted text> 
                }
l.806 ...k[c]{$\alpha_{\\mathrm{total}}$\\(dB/m)}}
                                                   & \multicolumn{1}{c}{\sho...
c:/Users/kaito/TeX-Folder/SOTURON/Yanagihara_BCDR_MEGTRON6_2026.tex:806: Missing $ inserted.
<inserted text> 
                $
l.806 ...k[c]{$\alpha_{\\mathrm{total}}$\\(dB/m)}}
                                                   & \multicolumn{1}{c}{\sho...
c:/Users/kaito/TeX-Folder/SOTURON/Yanagihara_BCDR_MEGTRON6_2026.tex:806: Missing { inserted.
<inserted text> 
                {
l.806 ...k[c]{$\alpha_{\\mathrm{total}}$\\(dB/m)}}
                                                   & \multicolumn{1}{c}{\sho...
(./out/Yanagihara_BCDR_MEGTRON6_2026.bbl [28] [29] [30]) [31] (./out/Yanagihara_BCDR_MEGTRON6_2026.aux))
(see the transcript file for additional information)
 1890 words of node memory still in use:
   11 hlist, 2 vlist, 5 rule, 2 glue, 4 kern, 1 glyph, 568 attribute, 59 glue_spec, 64 attribute_list, 2 write, 14 user_defined nodes
   avail lists: 1:21,2:64775,3:453,4:1040,5:405,6:92,7:5989,8:62,9:2545,10:44,11:285
<c:/texlive/2025/texmf-dist/fonts/opentype/public/lm/lmroman10-italic.otf>{c:/texlive/2025/texmf-dist/fonts/enc/dvips/lm/lm-mathit.enc}{c:/texlive/2025/texmf-dist/fonts/enc/dvips/lm/lm-mathsy.enc}{c:/texlive/2025/texmf-dist/fonts/enc/dvips/lm/lm-rm.enc}<c:/texlive/2025/texmf-dist/fonts/opentype/public/lm/lmroman9-regular.otf><c:/texlive/2025/texmf-dist/fonts/opentype/public/lm/lmroman10-bold.otf><c:/Windows/Fonts/yumindb.ttf><c:/texlive/2025/texmf-dist/fonts/opentype/public/lm/lmsans12-regular.otf>{c:/texlive/2025/texmf-dist/fonts/enc/dvips/lm/lm-mathex.enc}<c:/texlive/2025/texmf-dist/fonts/opentype/public/lm/lmsans17-regular.otf><c:/texlive/2025/texmf-dist/fonts/opentype/public/lm/lmsans10-regular.otf><c:/texlive/2025/texmf-dist/fonts/opentype/public/lm/lmroman8-regular.otf><c:/Windows/Fonts/YuGothR.ttc><c:/texlive/2025/texmf-dist/fonts/opentype/public/lm/lmroman12-regular.otf><c:/texlive/2025/texmf-dist/fonts/opentype/public/lm/lmroman10-regular.otf><c:/Windows/Fonts/yumin.ttf><c:/texlive/2025/texmf-dist/fonts/opentype/public/lm/lmroman17-regular.otf><c:/texlive/2025/texmf-dist/fonts/type1/public/lm/lmbsy10.pfb><c:/texlive/2025/texmf-dist/fonts/type1/public/lm/lmbx10.pfb><c:/texlive/2025/texmf-dist/fonts/type1/public/lm/lmbx7.pfb><c:/texlive/2025/texmf-dist/fonts/type1/public/lm/lmex10.pfb><c:/texlive/2025/texmf-dist/fonts/type1/public/lm/lmmi10.pfb><c:/texlive/2025/texmf-dist/fonts/type1/public/lm/lmmi5.pfb><c:/texlive/2025/texmf-dist/fonts/type1/public/lm/lmmi6.pfb><c:/texlive/2025/texmf-dist/fonts/type1/public/lm/lmmi7.pfb><c:/texlive/2025/texmf-dist/fonts/type1/public/lm/lmmi8.pfb><c:/texlive/2025/texmf-dist/fonts/type1/public/lm/lmmi9.pfb><c:/texlive/2025/texmf-dist/fonts/type1/public/lm/lmmib10.pfb><c:/texlive/2025/texmf-dist/fonts/type1/public/lm/lmr10.pfb><c:/texlive/2025/texmf-dist/fonts/type1/public/lm/lmr5.pfb><c:/texlive/2025/texmf-dist/fonts/type1/public/lm/lmr6.pfb><c:/texlive/2025/texmf-dist/fonts/type1/public/lm/lmr7.pfb><c:/texlive/2025/texmf-dist/fonts/type1/public/lm/lmr9.pfb><c:/texlive/2025/texmf-dist/fonts/type1/public/lm/lmsy10.pfb><c:/texlive/2025/texmf-dist/fonts/type1/public/lm/lmsy5.pfb><c:/texlive/2025/texmf-dist/fonts/type1/public/lm/lmsy6.pfb><c:/texlive/2025/texmf-dist/fonts/type1/public/lm/lmsy7.pfb>
Output written on Yanagihara_BCDR_MEGTRON6_2026.pdf (33 pages, 1463889 bytes).

SyncTeX written on Yanagihara_BCDR_MEGTRON6_2026.synctex.gz.
Transcript written on Yanagihara_BCDR_MEGTRON6_2026.log.
Latexmk: Getting log file 'out/Yanagihara_BCDR_MEGTRON6_2026.log'
Latexmk: Examining 'out/Yanagihara_BCDR_MEGTRON6_2026.fls'
Latexmk: Examining 'out/Yanagihara_BCDR_MEGTRON6_2026.log'
Latexmk: Found input bbl file 'out/Yanagihara_BCDR_MEGTRON6_2026.bbl'
Latexmk: Log file says output to 'Yanagihara_BCDR_MEGTRON6_2026.pdf'
Latexmk: Using bibtex to make bibliography file(s).
  ===Source file 'out/Yanagihara_BCDR_MEGTRON6_2026.bbl' for 'lualatex'
Latexmk: Found bibliography file(s):
  ./references.bib
Latexmk: Errors, in force_mode: so I tried finishing targets
Collected error summary (may duplicate other messages):
  lualatex: Command for 'lualatex' gave return code 1
      Refer to 'out/Yanagihara_BCDR_MEGTRON6_2026.log' and/or above output for details

C:\texlive\2025\bin\windows\runscript.tlu:933: command failed with exit code 12:
perl.exe c:\texlive\2025\texmf-dist\scripts\latexmk\latexmk.pl -f -gg -pv -lualatex -synctex=1 -interaction=nonstopmode -file-line-error -output-directory=c:/Users/kaito/TeX-Folder/SOTURON/out c:/Users/kaito/TeX-Folder/SOTURON/Yanagihara_BCDR_MEGTRON6_2026
